Skill Runner API listening on http://127.0.0.1:8788
[merge-image-generate:a57ad628-a871-474a-8240-ef3ee212283b] request parsed +1ms total=1ms {"requestFiles":5,"requestBytes":1153109,"promptChars":12819,"requestedSize":"1536x2048","apiSize":"1536x2048"}
[merge-image-generate:a57ad628-a871-474a-8240-ef3ee212283b] skill loaded +3ms total=3ms {"skillId":"ai-merge-image-skill-local"}
[merge-image-generate:a57ad628-a871-474a-8240-ef3ee212283b] uploads saved +3ms total=7ms {"uploadedCount":5,"uploadedBytes":1153109}
[merge-image-generate:a57ad628-a871-474a-8240-ef3ee212283b] reference urls built +1ms total=8ms {"referenceCount":5,"roles":"product,background,model,angle"}
[merge-image-generate:a57ad628-a871-474a-8240-ef3ee212283b] prompt built +1ms total=9ms {"finalPromptChars":34909}
[merge-image-generate:a57ad628-a871-474a-8240-ef3ee212283b] image-api references loaded +2ms total=11ms {"referenceCount":5,"referenceBytes":1153109}
[merge-image-generate:a57ad628-a871-474a-8240-ef3ee212283b] image-api request start +15ms total=26ms {"endpoint":"https://dmit.yyrouter.cc/v1/images/edits","model":"gpt-image-2","size":"1536x2048","promptChars":34909,"referenceCount":5}
[merge-image-generate:a57ad628-a871-474a-8240-ef3ee212283b] image-api response received +90994ms total=91020ms {"endpoint":"https://dmit.yyrouter.cc/v1/images/edits","status":200}
[merge-image-generate:a57ad628-a871-474a-8240-ef3ee212283b] image-api response body read +3057ms total=94078ms {"endpoint":"https://dmit.yyrouter.cc/v1/images/edits","bodyChars":2532426}
[merge-image-generate:a57ad628-a871-474a-8240-ef3ee212283b] image api completed +29ms total=94106ms {"hasUsage":true,"dataCount":1}
[merge-image-generate:a57ad628-a871-474a-8240-ef3ee212283b] image buffer decoded +1ms total=94108ms {"source":"b64_json","imageBytes":1897462}
[merge-image-generate:a57ad628-a871-474a-8240-ef3ee212283b] image saved as target canvas +68ms total=94176ms {"outputBytes":2530217,"mimeType":"image/svg+xml","requestedSize":"1536x2048"}
[merge-image-generate:a57ad628-a871-474a-8240-ef3ee212283b] output written +3ms total=94179ms {"fileName":"ai-merge-image-skill-local-1783327320845.svg","outputBytes":2530217}
[merge-image-generate:a57ad628-a871-474a-8240-ef3ee212283b] project json written +4ms total=94183ms
[merge-image-generate:9f8c1fcb-1f97-4d19-a6f6-d5eb2da354ad] request parsed +0ms total=0ms {"requestFiles":5,"requestBytes":1319536,"promptChars":12819,"requestedSize":"1536x2048","apiSize":"1536x2048"}
[merge-image-generate:9f8c1fcb-1f97-4d19-a6f6-d5eb2da354ad] skill loaded +3ms total=3ms {"skillId":"ai-merge-image-skill-local"}
[merge-image-generate:9f8c1fcb-1f97-4d19-a6f6-d5eb2da354ad] uploads saved +3ms total=6ms {"uploadedCount":5,"uploadedBytes":1319536}
[merge-image-generate:9f8c1fcb-1f97-4d19-a6f6-d5eb2da354ad] reference urls built +1ms total=7ms {"referenceCount":5,"roles":"product,background,model,angle"}
[merge-image-generate:9f8c1fcb-1f97-4d19-a6f6-d5eb2da354ad] prompt built +1ms total=8ms {"finalPromptChars":34373}
[merge-image-generate:9f8c1fcb-1f97-4d19-a6f6-d5eb2da354ad] image-api references loaded +2ms total=10ms {"referenceCount":5,"referenceBytes":1319536}
[merge-image-generate:9f8c1fcb-1f97-4d19-a6f6-d5eb2da354ad] image-api request start +2ms total=11ms {"endpoint":"https://dmit.yyrouter.cc/v1/images/edits","model":"gpt-image-2","size":"1536x2048","promptChars":34373,"referenceCount":5}
[merge-image-generate:9f8c1fcb-1f97-4d19-a6f6-d5eb2da354ad] image-api response received +68917ms total=68929ms {"endpoint":"https://dmit.yyrouter.cc/v1/images/edits","status":200}
[merge-image-generate:9f8c1fcb-1f97-4d19-a6f6-d5eb2da354ad] image-api response body read +14668ms total=83596ms {"endpoint":"https://dmit.yyrouter.cc/v1/images/edits","bodyChars":2437718}
[merge-image-generate:9f8c1fcb-1f97-4d19-a6f6-d5eb2da354ad] image api completed +4ms total=83600ms {"hasUsage":true,"dataCount":1}
[merge-image-generate:9f8c1fcb-1f97-4d19-a6f6-d5eb2da354ad] image buffer decoded +1ms total=83601ms {"source":"b64_json","imageBytes":1826753}
[merge-image-generate:9f8c1fcb-1f97-4d19-a6f6-d5eb2da354ad] image saved as target canvas +66ms total=83667ms {"outputBytes":2435937,"mimeType":"image/svg+xml","requestedSize":"1536x2048"}
[merge-image-generate:9f8c1fcb-1f97-4d19-a6f6-d5eb2da354ad] output written +3ms total=83670ms {"fileName":"ai-merge-image-skill-local-1783327422264.svg","outputBytes":2435937}
[merge-image-generate:9f8c1fcb-1f97-4d19-a6f6-d5eb2da354ad] project json written +1ms total=83671ms
[merge-image-generate:84908150-3e8e-4201-b653-4a890a40872c] request parsed +1ms total=1ms {"requestFiles":5,"requestBytes":1203407,"promptChars":12819,"requestedSize":"1536x2048","apiSize":"1536x2048"}
[merge-image-generate:84908150-3e8e-4201-b653-4a890a40872c] skill loaded +5ms total=5ms {"skillId":"ai-merge-image-skill-local"}
[merge-image-generate:84908150-3e8e-4201-b653-4a890a40872c] uploads saved +4ms total=9ms {"uploadedCount":5,"uploadedBytes":1203407}
[merge-image-generate:84908150-3e8e-4201-b653-4a890a40872c] reference urls built +1ms total=10ms {"referenceCount":5,"roles":"product,background,model,angle"}
[merge-image-generate:84908150-3e8e-4201-b653-4a890a40872c] prompt built +1ms total=11ms {"finalPromptChars":32436}
[merge-image-generate:84908150-3e8e-4201-b653-4a890a40872c] image-api references loaded +2ms total=13ms {"referenceCount":5,"referenceBytes":1203407}
[merge-image-generate:84908150-3e8e-4201-b653-4a890a40872c] image-api request start +1ms total=15ms {"endpoint":"https://dmit.yyrouter.cc/v1/images/edits","model":"gpt-image-2","size":"1536x2048","promptChars":32436,"referenceCount":5}
[merge-image-generate:84908150-3e8e-4201-b653-4a890a40872c] image-api response received +6523ms total=6538ms {"endpoint":"https://dmit.yyrouter.cc/v1/images/edits","status":503}
[merge-image-generate:84908150-3e8e-4201-b653-4a890a40872c] image-api response body read +2ms total=6540ms {"endpoint":"https://dmit.yyrouter.cc/v1/images/edits","bodyChars":75}
[merge-image-generate:84908150-3e8e-4201-b653-4a890a40872c] failed +2ms total=6542ms {"message":"No available compatible accounts"}
[merge-image-generate:320b027e-d6f8-4f28-876a-be277b4ab487] request parsed +0ms total=0ms {"requestFiles":5,"requestBytes":1203407,"promptChars":12819,"requestedSize":"1536x2048","apiSize":"1536x2048"}
[merge-image-generate:320b027e-d6f8-4f28-876a-be277b4ab487] skill loaded +2ms total=3ms {"skillId":"ai-merge-image-skill-local"}
[merge-image-generate:320b027e-d6f8-4f28-876a-be277b4ab487] uploads saved +3ms total=5ms {"uploadedCount":5,"uploadedBytes":1203407}
[merge-image-generate:320b027e-d6f8-4f28-876a-be277b4ab487] reference urls built +1ms total=6ms {"referenceCount":5,"roles":"product,background,model,angle"}
[merge-image-generate:320b027e-d6f8-4f28-876a-be277b4ab487] prompt built +1ms total=6ms {"finalPromptChars":32436}
[merge-image-generate:320b027e-d6f8-4f28-876a-be277b4ab487] image-api references loaded +2ms total=8ms {"referenceCount":5,"referenceBytes":1203407}
[merge-image-generate:320b027e-d6f8-4f28-876a-be277b4ab487] image-api request start +1ms total=10ms {"endpoint":"https://dmit.yyrouter.cc/v1/images/edits","model":"gpt-image-2","size":"1536x2048","promptChars":32436,"referenceCount":5}
[merge-image-generate:320b027e-d6f8-4f28-876a-be277b4ab487] image-api response received +13250ms total=13260ms {"endpoint":"https://dmit.yyrouter.cc/v1/images/edits","status":503}
[merge-image-generate:320b027e-d6f8-4f28-876a-be277b4ab487] image-api response body read +2ms total=13262ms {"endpoint":"https://dmit.yyrouter.cc/v1/images/edits","bodyChars":75}
[merge-image-generate:320b027e-d6f8-4f28-876a-be277b4ab487] failed +2ms total=13264ms {"message":"No available compatible accounts"}
[merge-image-generate:ffe31626-e946-4d79-878f-6c1ec3815609] request parsed +0ms total=0ms {"requestFiles":5,"requestBytes":1203407,"promptChars":12819,"requestedSize":"1536x2048","apiSize":"1536x2048"}
[merge-image-generate:ffe31626-e946-4d79-878f-6c1ec3815609] skill loaded +2ms total=3ms {"skillId":"ai-merge-image-skill-local"}
[merge-image-generate:ffe31626-e946-4d79-878f-6c1ec3815609] uploads saved +3ms total=6ms {"uploadedCount":5,"uploadedBytes":1203407}
[merge-image-generate:ffe31626-e946-4d79-878f-6c1ec3815609] reference urls built +1ms total=7ms {"referenceCount":5,"roles":"product,background,model,angle"}
[merge-image-generate:ffe31626-e946-4d79-878f-6c1ec3815609] prompt built +1ms total=7ms {"finalPromptChars":32436}
[merge-image-generate:ffe31626-e946-4d79-878f-6c1ec3815609] image-api references loaded +2ms total=9ms {"referenceCount":5,"referenceBytes":1203407}
[merge-image-generate:ffe31626-e946-4d79-878f-6c1ec3815609] image-api request start +1ms total=10ms {"endpoint":"https://dmit.yyrouter.cc/v1/images/edits","model":"gpt-image-2","size":"1536x2048","promptChars":32436,"referenceCount":5}
[merge-image-generate:ffe31626-e946-4d79-878f-6c1ec3815609] image-api response received +2442ms total=2452ms {"endpoint":"https://dmit.yyrouter.cc/v1/images/edits","status":503}
[merge-image-generate:ffe31626-e946-4d79-878f-6c1ec3815609] image-api response body read +2ms total=2454ms {"endpoint":"https://dmit.yyrouter.cc/v1/images/edits","bodyChars":75}
[merge-image-generate:ffe31626-e946-4d79-878f-6c1ec3815609] failed +1ms total=2456ms {"message":"No available compatible accounts"}
[merge-image-generate:51d53edc-46d2-4ada-b1f9-36f93c24a160] request parsed +0ms total=0ms {"requestFiles":5,"requestBytes":1203407,"promptChars":12819,"requestedSize":"1536x2048","apiSize":"1536x2048"}
[merge-image-generate:51d53edc-46d2-4ada-b1f9-36f93c24a160] skill loaded +2ms total=3ms {"skillId":"ai-merge-image-skill-local"}
[merge-image-generate:51d53edc-46d2-4ada-b1f9-36f93c24a160] uploads saved +3ms total=5ms {"uploadedCount":5,"uploadedBytes":1203407}
[merge-image-generate:51d53edc-46d2-4ada-b1f9-36f93c24a160] reference urls built +1ms total=6ms {"referenceCount":5,"roles":"product,background,model,angle"}
[merge-image-generate:51d53edc-46d2-4ada-b1f9-36f93c24a160] prompt built +2ms total=8ms {"finalPromptChars":32436}
[merge-image-generate:51d53edc-46d2-4ada-b1f9-36f93c24a160] image-api references loaded +1ms total=10ms {"referenceCount":5,"referenceBytes":1203407}
[merge-image-generate:51d53edc-46d2-4ada-b1f9-36f93c24a160] image-api request start +1ms total=11ms {"endpoint":"https://dmit.yyrouter.cc/v1/images/edits","model":"gpt-image-2","size":"1536x2048","promptChars":32436,"referenceCount":5}
[merge-image-generate:51d53edc-46d2-4ada-b1f9-36f93c24a160] image-api response received +3274ms total=3285ms {"endpoint":"https://dmit.yyrouter.cc/v1/images/edits","status":503}
[merge-image-generate:51d53edc-46d2-4ada-b1f9-36f93c24a160] image-api response body read +2ms total=3287ms {"endpoint":"https://dmit.yyrouter.cc/v1/images/edits","bodyChars":75}
[merge-image-generate:51d53edc-46d2-4ada-b1f9-36f93c24a160] failed +1ms total=3288ms {"message":"No available compatible accounts"}
[merge-image-generate:7f29c6f9-d874-42d9-aeef-50cad85b30e8] request parsed +0ms total=0ms {"requestFiles":5,"requestBytes":1203407,"promptChars":12819,"requestedSize":"1536x2048","apiSize":"1536x2048"}
[merge-image-generate:7f29c6f9-d874-42d9-aeef-50cad85b30e8] skill loaded +1125ms total=1125ms {"skillId":"ai-merge-image-skill-local"}
[merge-image-generate:7f29c6f9-d874-42d9-aeef-50cad85b30e8] uploads saved +10ms total=1135ms {"uploadedCount":5,"uploadedBytes":1203407}
[merge-image-generate:7f29c6f9-d874-42d9-aeef-50cad85b30e8] reference urls built +1ms total=1137ms {"referenceCount":5,"roles":"product,background,model,angle"}
[merge-image-generate:7f29c6f9-d874-42d9-aeef-50cad85b30e8] prompt built +1ms total=1138ms {"finalPromptChars":32436}
[merge-image-generate:7f29c6f9-d874-42d9-aeef-50cad85b30e8] image-api references loaded +4ms total=1142ms {"referenceCount":5,"referenceBytes":1203407}
[merge-image-generate:7f29c6f9-d874-42d9-aeef-50cad85b30e8] image-api request start +1ms total=1143ms {"endpoint":"https://dmit.yyrouter.cc/v1/images/edits","model":"gpt-image-2","size":"1536x2048","promptChars":32436,"referenceCount":5}
[merge-image-generate:7f29c6f9-d874-42d9-aeef-50cad85b30e8] image-api response received +12417ms total=13560ms {"endpoint":"https://dmit.yyrouter.cc/v1/images/edits","status":503}
[merge-image-generate:7f29c6f9-d874-42d9-aeef-50cad85b30e8] image-api response body read +17ms total=13577ms {"endpoint":"https://dmit.yyrouter.cc/v1/images/edits","bodyChars":75}
[merge-image-generate:7f29c6f9-d874-42d9-aeef-50cad85b30e8] failed +1ms total=13579ms {"message":"No available compatible accounts"}
[merge-image-generate:d2dc4b26-0078-45df-8f80-ed71fd9ce64b] request parsed +1ms total=1ms {"requestFiles":5,"requestBytes":1203407,"promptChars":12819,"requestedSize":"1536x2048","apiSize":"1536x2048"}
[merge-image-generate:d2dc4b26-0078-45df-8f80-ed71fd9ce64b] skill loaded +5ms total=6ms {"skillId":"ai-merge-image-skill-local"}
[merge-image-generate:d2dc4b26-0078-45df-8f80-ed71fd9ce64b] uploads saved +3ms total=8ms {"uploadedCount":5,"uploadedBytes":1203407}
[merge-image-generate:d2dc4b26-0078-45df-8f80-ed71fd9ce64b] reference urls built +1ms total=9ms {"referenceCount":5,"roles":"product,background,model,angle"}
[merge-image-generate:d2dc4b26-0078-45df-8f80-ed71fd9ce64b] prompt built +2ms total=11ms {"finalPromptChars":32436}
[merge-image-generate:d2dc4b26-0078-45df-8f80-ed71fd9ce64b] image-api references loaded +2ms total=12ms {"referenceCount":5,"referenceBytes":1203407}
[merge-image-generate:d2dc4b26-0078-45df-8f80-ed71fd9ce64b] image-api request start +1ms total=14ms {"endpoint":"https://dmit.yyrouter.cc/v1/images/edits","model":"gpt-image-2","size":"1536x2048","promptChars":32436,"referenceCount":5}
[merge-image-generate:d2dc4b26-0078-45df-8f80-ed71fd9ce64b] image-api response received +10989ms total=11003ms {"endpoint":"https://dmit.yyrouter.cc/v1/images/edits","status":503}
[merge-image-generate:d2dc4b26-0078-45df-8f80-ed71fd9ce64b] image-api response body read +2ms total=11005ms {"endpoint":"https://dmit.yyrouter.cc/v1/images/edits","bodyChars":75}
[merge-image-generate:d2dc4b26-0078-45df-8f80-ed71fd9ce64b] failed +1ms total=11006ms {"message":"No available compatible accounts"}
[merge-image-generate:3f9206a1-1c86-4069-a9d8-b62619b6606f] request parsed +0ms total=0ms {"requestFiles":5,"requestBytes":1203407,"promptChars":12819,"requestedSize":"1536x2048","apiSize":"1536x2048"}
[merge-image-generate:3f9206a1-1c86-4069-a9d8-b62619b6606f] skill loaded +3ms total=4ms {"skillId":"ai-merge-image-skill-local"}
[merge-image-generate:3f9206a1-1c86-4069-a9d8-b62619b6606f] uploads saved +3ms total=7ms {"uploadedCount":5,"uploadedBytes":1203407}
[merge-image-generate:3f9206a1-1c86-4069-a9d8-b62619b6606f] reference urls built +1ms total=7ms {"referenceCount":5,"roles":"product,background,model,angle"}
[merge-image-generate:3f9206a1-1c86-4069-a9d8-b62619b6606f] prompt built +1ms total=8ms {"finalPromptChars":32436}
[merge-image-generate:3f9206a1-1c86-4069-a9d8-b62619b6606f] image-api references loaded +1ms total=9ms {"referenceCount":5,"referenceBytes":1203407}
[merge-image-generate:3f9206a1-1c86-4069-a9d8-b62619b6606f] image-api request start +1ms total=10ms {"endpoint":"https://dmit.yyrouter.cc/v1/images/edits","model":"gpt-image-2","size":"1536x2048","promptChars":32436,"referenceCount":5}
[merge-image-generate:3f9206a1-1c86-4069-a9d8-b62619b6606f] image-api response received +2153ms total=2163ms {"endpoint":"https://dmit.yyrouter.cc/v1/images/edits","status":503}
[merge-image-generate:3f9206a1-1c86-4069-a9d8-b62619b6606f] image-api response body read +25ms total=2188ms {"endpoint":"https://dmit.yyrouter.cc/v1/images/edits","bodyChars":75}
[merge-image-generate:3f9206a1-1c86-4069-a9d8-b62619b6606f] failed +2ms total=2190ms {"message":"No available compatible accounts"}
[merge-image-generate:1c8c0d23-91df-4418-a4d9-9c00691d5b36] request parsed +0ms total=0ms {"requestFiles":5,"requestBytes":1203407,"promptChars":12819,"requestedSize":"1536x2048","apiSize":"1536x2048"}
[merge-image-generate:1c8c0d23-91df-4418-a4d9-9c00691d5b36] skill loaded +2ms total=3ms {"skillId":"ai-merge-image-skill-local"}
[merge-image-generate:1c8c0d23-91df-4418-a4d9-9c00691d5b36] uploads saved +2ms total=5ms {"uploadedCount":5,"uploadedBytes":1203407}
[merge-image-generate:1c8c0d23-91df-4418-a4d9-9c00691d5b36] reference urls built +1ms total=6ms {"referenceCount":5,"roles":"product,background,model,angle"}
[merge-image-generate:1c8c0d23-91df-4418-a4d9-9c00691d5b36] prompt built +1ms total=7ms {"finalPromptChars":32436}
[merge-image-generate:1c8c0d23-91df-4418-a4d9-9c00691d5b36] image-api references loaded +2ms total=8ms {"referenceCount":5,"referenceBytes":1203407}
[merge-image-generate:1c8c0d23-91df-4418-a4d9-9c00691d5b36] image-api request start +1ms total=10ms {"endpoint":"https://dmit.yyrouter.cc/v1/images/edits","model":"gpt-image-2","size":"1536x2048","promptChars":32436,"referenceCount":5}
[merge-image-generate:1c8c0d23-91df-4418-a4d9-9c00691d5b36] image-api response received +2989ms total=2998ms {"endpoint":"https://dmit.yyrouter.cc/v1/images/edits","status":503}
[merge-image-generate:1c8c0d23-91df-4418-a4d9-9c00691d5b36] image-api response body read +2ms total=3000ms {"endpoint":"https://dmit.yyrouter.cc/v1/images/edits","bodyChars":75}
[merge-image-generate:1c8c0d23-91df-4418-a4d9-9c00691d5b36] failed +3ms total=3003ms {"message":"No available compatible accounts"}
[merge-image-generate:55b8758a-a371-4051-aeca-711c8fa65df0] request parsed +0ms total=0ms {"requestFiles":5,"requestBytes":1203407,"promptChars":12819,"requestedSize":"1536x2048","apiSize":"1536x2048"}
[merge-image-generate:55b8758a-a371-4051-aeca-711c8fa65df0] skill loaded +1192ms total=1192ms {"skillId":"ai-merge-image-skill-local"}
[merge-image-generate:55b8758a-a371-4051-aeca-711c8fa65df0] uploads saved +9ms total=1201ms {"uploadedCount":5,"uploadedBytes":1203407}
[merge-image-generate:55b8758a-a371-4051-aeca-711c8fa65df0] reference urls built +1ms total=1203ms {"referenceCount":5,"roles":"product,background,model,angle"}
[merge-image-generate:55b8758a-a371-4051-aeca-711c8fa65df0] prompt built +1ms total=1204ms {"finalPromptChars":32436}
[merge-image-generate:55b8758a-a371-4051-aeca-711c8fa65df0] image-api references loaded +2ms total=1205ms {"referenceCount":5,"referenceBytes":1203407}
[merge-image-generate:55b8758a-a371-4051-aeca-711c8fa65df0] image-api request start +1ms total=1206ms {"endpoint":"https://dmit.yyrouter.cc/v1/images/edits","model":"gpt-image-2","size":"1536x2048","promptChars":32436,"referenceCount":5}
[merge-image-generate:55b8758a-a371-4051-aeca-711c8fa65df0] image-api response received +701ms total=1907ms {"endpoint":"https://dmit.yyrouter.cc/v1/images/edits","status":503}
[merge-image-generate:55b8758a-a371-4051-aeca-711c8fa65df0] image-api response body read +2ms total=1909ms {"endpoint":"https://dmit.yyrouter.cc/v1/images/edits","bodyChars":75}
[merge-image-generate:55b8758a-a371-4051-aeca-711c8fa65df0] failed +1ms total=1910ms {"message":"No available compatible accounts"}
[merge-image-generate:cf893fb5-ec94-4151-87da-5f99a8620bdd] request parsed +1ms total=1ms {"requestFiles":5,"requestBytes":1203407,"promptChars":12819,"requestedSize":"1536x2048","apiSize":"1536x2048"}
[merge-image-generate:cf893fb5-ec94-4151-87da-5f99a8620bdd] skill loaded +5ms total=6ms {"skillId":"ai-merge-image-skill-local"}
[merge-image-generate:cf893fb5-ec94-4151-87da-5f99a8620bdd] uploads saved +3ms total=9ms {"uploadedCount":5,"uploadedBytes":1203407}
[merge-image-generate:cf893fb5-ec94-4151-87da-5f99a8620bdd] reference urls built +1ms total=10ms {"referenceCount":5,"roles":"product,background,model,angle"}
[merge-image-generate:cf893fb5-ec94-4151-87da-5f99a8620bdd] prompt built +1ms total=10ms {"finalPromptChars":32436}
[merge-image-generate:cf893fb5-ec94-4151-87da-5f99a8620bdd] image-api references loaded +2ms total=12ms {"referenceCount":5,"referenceBytes":1203407}
[merge-image-generate:cf893fb5-ec94-4151-87da-5f99a8620bdd] image-api request start +1ms total=13ms {"endpoint":"https://dmit.yyrouter.cc/v1/images/edits","model":"gpt-image-2","size":"1536x2048","promptChars":32436,"referenceCount":5}
[merge-image-generate:cf893fb5-ec94-4151-87da-5f99a8620bdd] image-api response received +1752ms total=1765ms {"endpoint":"https://dmit.yyrouter.cc/v1/images/edits","status":503}
[merge-image-generate:cf893fb5-ec94-4151-87da-5f99a8620bdd] image-api response body read +2ms total=1767ms {"endpoint":"https://dmit.yyrouter.cc/v1/images/edits","bodyChars":75}
[merge-image-generate:cf893fb5-ec94-4151-87da-5f99a8620bdd] failed +1ms total=1768ms {"message":"No available compatible accounts"}
