Skill Runner API listening on http://127.0.0.1:8787
[merge-image-generate:5c885a57-684e-4da5-94e0-b55adfa3cfd0] request parsed +1ms total=1ms {"requestFiles":4,"requestBytes":969850,"promptChars":9220,"requestedSize":"1024x1365","apiSize":"1024x1365"}
[merge-image-generate:5c885a57-684e-4da5-94e0-b55adfa3cfd0] skill loaded +130ms total=131ms {"skillId":"ai-merge-image-skill-local"}
[merge-image-generate:5c885a57-684e-4da5-94e0-b55adfa3cfd0] uploads saved +18ms total=149ms {"uploadedCount":4,"uploadedBytes":969850}
[merge-image-generate:5c885a57-684e-4da5-94e0-b55adfa3cfd0] reference urls built +2ms total=151ms {"referenceCount":4,"roles":"product,background,model,angle"}
[merge-image-generate:5c885a57-684e-4da5-94e0-b55adfa3cfd0] prompt built +2ms total=153ms {"finalPromptChars":26181}
[merge-image-generate:5c885a57-684e-4da5-94e0-b55adfa3cfd0] image-api references loaded +4ms total=157ms {"referenceCount":4,"referenceBytes":969850}
[merge-image-generate:5c885a57-684e-4da5-94e0-b55adfa3cfd0] image-api request start +4ms total=161ms {"endpoint":"https://dmit.yyrouter.cc/v1/images/edits","model":"gpt-image-2","size":"1024x1365","promptChars":26181,"referenceCount":4}
[merge-image-generate:5c885a57-684e-4da5-94e0-b55adfa3cfd0] image-api response received +90774ms total=90935ms {"endpoint":"https://dmit.yyrouter.cc/v1/images/edits","status":200}
[merge-image-generate:5c885a57-684e-4da5-94e0-b55adfa3cfd0] image-api response body read +6268ms total=97202ms {"endpoint":"https://dmit.yyrouter.cc/v1/images/edits","bodyChars":2142099}
[merge-image-generate:5c885a57-684e-4da5-94e0-b55adfa3cfd0] image api completed +8ms total=97210ms {"hasUsage":true,"dataCount":1}
[merge-image-generate:5c885a57-684e-4da5-94e0-b55adfa3cfd0] image buffer decoded +3ms total=97214ms {"source":"b64_json","imageBytes":1604817}
[merge-image-generate:5c885a57-684e-4da5-94e0-b55adfa3cfd0] image saved as raster +2ms total=97216ms {"outputBytes":1604817,"mimeType":"image/png"}
[merge-image-generate:5c885a57-684e-4da5-94e0-b55adfa3cfd0] output written +3ms total=97219ms {"fileName":"ai-merge-image-skill-local-1783065433824.png","outputBytes":1604817}
[merge-image-generate:5c885a57-684e-4da5-94e0-b55adfa3cfd0] project json written +3ms total=97221ms
[merge-image-generate:3fc4c1ed-a0a2-4477-b6e7-2594b9f01133] request parsed +1ms total=1ms {"requestFiles":4,"requestBytes":911120,"promptChars":9220,"requestedSize":"1024x1365","apiSize":"1024x1365"}
[merge-image-generate:3fc4c1ed-a0a2-4477-b6e7-2594b9f01133] skill loaded +56ms total=57ms {"skillId":"ai-merge-image-skill-local"}
[merge-image-generate:3fc4c1ed-a0a2-4477-b6e7-2594b9f01133] uploads saved +4ms total=61ms {"uploadedCount":4,"uploadedBytes":911120}
[merge-image-generate:3fc4c1ed-a0a2-4477-b6e7-2594b9f01133] reference urls built +1ms total=62ms {"referenceCount":4,"roles":"product,background,model,angle"}
[merge-image-generate:3fc4c1ed-a0a2-4477-b6e7-2594b9f01133] prompt built +1ms total=63ms {"finalPromptChars":26765}
[merge-image-generate:3fc4c1ed-a0a2-4477-b6e7-2594b9f01133] image-api references loaded +2ms total=64ms {"referenceCount":4,"referenceBytes":911120}
[merge-image-generate:3fc4c1ed-a0a2-4477-b6e7-2594b9f01133] image-api request start +1ms total=65ms {"endpoint":"https://dmit.yyrouter.cc/v1/images/edits","model":"gpt-image-2","size":"1024x1365","promptChars":26765,"referenceCount":4}
[merge-image-generate:3fc4c1ed-a0a2-4477-b6e7-2594b9f01133] image-api response received +87452ms total=87517ms {"endpoint":"https://dmit.yyrouter.cc/v1/images/edits","status":200}
[merge-image-generate:3fc4c1ed-a0a2-4477-b6e7-2594b9f01133] image-api response body read +4450ms total=91967ms {"endpoint":"https://dmit.yyrouter.cc/v1/images/edits","bodyChars":2221597}
[merge-image-generate:3fc4c1ed-a0a2-4477-b6e7-2594b9f01133] image api completed +11ms total=91978ms {"hasUsage":true,"dataCount":1}
[merge-image-generate:3fc4c1ed-a0a2-4477-b6e7-2594b9f01133] image buffer decoded +3ms total=91981ms {"source":"b64_json","imageBytes":1664452}
[merge-image-generate:3fc4c1ed-a0a2-4477-b6e7-2594b9f01133] image saved as raster +2ms total=91983ms {"outputBytes":1664452,"mimeType":"image/png"}
[merge-image-generate:3fc4c1ed-a0a2-4477-b6e7-2594b9f01133] output written +4ms total=91987ms {"fileName":"ai-merge-image-skill-local-1783065530476.png","outputBytes":1664452}
[merge-image-generate:3fc4c1ed-a0a2-4477-b6e7-2594b9f01133] project json written +3ms total=91990ms
[merge-image-generate:0686e68a-af0d-4298-ba12-214f3fca6633] request parsed +0ms total=0ms {"requestFiles":4,"requestBytes":1011400,"promptChars":9220,"requestedSize":"1024x1365","apiSize":"1024x1365"}
[merge-image-generate:0686e68a-af0d-4298-ba12-214f3fca6633] skill loaded +62ms total=63ms {"skillId":"ai-merge-image-skill-local"}
[merge-image-generate:0686e68a-af0d-4298-ba12-214f3fca6633] uploads saved +3ms total=66ms {"uploadedCount":4,"uploadedBytes":1011400}
[merge-image-generate:0686e68a-af0d-4298-ba12-214f3fca6633] reference urls built +1ms total=67ms {"referenceCount":4,"roles":"product,background,model,angle"}
[merge-image-generate:0686e68a-af0d-4298-ba12-214f3fca6633] prompt built +1ms total=68ms {"finalPromptChars":26242}
[merge-image-generate:0686e68a-af0d-4298-ba12-214f3fca6633] image-api references loaded +2ms total=69ms {"referenceCount":4,"referenceBytes":1011400}
[merge-image-generate:0686e68a-af0d-4298-ba12-214f3fca6633] image-api request start +1ms total=71ms {"endpoint":"https://dmit.yyrouter.cc/v1/images/edits","model":"gpt-image-2","size":"1024x1365","promptChars":26242,"referenceCount":4}
[merge-image-generate:0686e68a-af0d-4298-ba12-214f3fca6633] image-api response received +48275ms total=48346ms {"endpoint":"https://dmit.yyrouter.cc/v1/images/edits","status":200}
[merge-image-generate:0686e68a-af0d-4298-ba12-214f3fca6633] image-api response body read +2973ms total=51319ms {"endpoint":"https://dmit.yyrouter.cc/v1/images/edits","bodyChars":2186104}
[merge-image-generate:0686e68a-af0d-4298-ba12-214f3fca6633] image api completed +3ms total=51322ms {"hasUsage":true,"dataCount":1}
[merge-image-generate:0686e68a-af0d-4298-ba12-214f3fca6633] image buffer decoded +2ms total=51324ms {"source":"b64_json","imageBytes":1638178}
[merge-image-generate:0686e68a-af0d-4298-ba12-214f3fca6633] image saved as raster +1ms total=51325ms {"outputBytes":1638178,"mimeType":"image/png"}
[merge-image-generate:0686e68a-af0d-4298-ba12-214f3fca6633] output written +2ms total=51326ms {"fileName":"ai-merge-image-skill-local-1783065587511.png","outputBytes":1638178}
[merge-image-generate:0686e68a-af0d-4298-ba12-214f3fca6633] project json written +1ms total=51328ms
