Skill Runner API listening on http://127.0.0.1:8787
[merge-image-generate:5792a076-bd03-46c6-999d-51eac7ae732f] request parsed +1ms total=1ms {"requestFiles":4,"requestBytes":992491,"promptChars":5990,"requestedSize":"1024x1365","apiSize":"1024x1365"}
[merge-image-generate:5792a076-bd03-46c6-999d-51eac7ae732f] skill loaded +50ms total=51ms {"skillId":"ai-merge-image-skill-local"}
[merge-image-generate:5792a076-bd03-46c6-999d-51eac7ae732f] uploads saved +3ms total=54ms {"uploadedCount":4,"uploadedBytes":992491}
[merge-image-generate:5792a076-bd03-46c6-999d-51eac7ae732f] reference urls built +1ms total=55ms {"referenceCount":4,"roles":"product,background,angle,model"}
[merge-image-generate:5792a076-bd03-46c6-999d-51eac7ae732f] prompt built +1ms total=56ms {"finalPromptChars":21220}
[merge-image-generate:5792a076-bd03-46c6-999d-51eac7ae732f] image-api references loaded +2ms total=58ms {"referenceCount":4,"referenceBytes":992491}
[merge-image-generate:5792a076-bd03-46c6-999d-51eac7ae732f] image-api request start +14ms total=72ms {"endpoint":"https://dmit.yyrouter.cc/v1/images/edits","model":"gpt-image-2","size":"1024x1365","promptChars":21220,"referenceCount":4}
[merge-image-generate:5792a076-bd03-46c6-999d-51eac7ae732f] image-api response received +77879ms total=77951ms {"endpoint":"https://dmit.yyrouter.cc/v1/images/edits","status":200}
[merge-image-generate:5792a076-bd03-46c6-999d-51eac7ae732f] image-api response body read +7705ms total=85656ms {"endpoint":"https://dmit.yyrouter.cc/v1/images/edits","bodyChars":2254442}
[merge-image-generate:5792a076-bd03-46c6-999d-51eac7ae732f] image api completed +3ms total=85660ms {"hasUsage":true,"dataCount":1}
[merge-image-generate:5792a076-bd03-46c6-999d-51eac7ae732f] image buffer decoded +2ms total=85662ms {"source":"b64_json","imageBytes":1689679}
[merge-image-generate:5792a076-bd03-46c6-999d-51eac7ae732f] image saved as raster +1ms total=85663ms {"outputBytes":1689679,"mimeType":"image/png"}
[merge-image-generate:5792a076-bd03-46c6-999d-51eac7ae732f] output written +4ms total=85667ms {"fileName":"ai-merge-image-skill-local-1782973349621.png","outputBytes":1689679}
[merge-image-generate:5792a076-bd03-46c6-999d-51eac7ae732f] project json written +2ms total=85668ms
[merge-image-generate:b1f7cee4-9530-4d3c-b81c-087804216f04] request parsed +0ms total=0ms {"requestFiles":4,"requestBytes":1069526,"promptChars":5777,"requestedSize":"1024x1365","apiSize":"1024x1365"}
[merge-image-generate:b1f7cee4-9530-4d3c-b81c-087804216f04] skill loaded +62ms total=62ms {"skillId":"ai-merge-image-skill-local"}
[merge-image-generate:b1f7cee4-9530-4d3c-b81c-087804216f04] uploads saved +3ms total=65ms {"uploadedCount":4,"uploadedBytes":1069526}
[merge-image-generate:b1f7cee4-9530-4d3c-b81c-087804216f04] reference urls built +1ms total=66ms {"referenceCount":4,"roles":"product,background,angle,model"}
[merge-image-generate:b1f7cee4-9530-4d3c-b81c-087804216f04] prompt built +1ms total=67ms {"finalPromptChars":23607}
[merge-image-generate:b1f7cee4-9530-4d3c-b81c-087804216f04] image-api references loaded +2ms total=68ms {"referenceCount":4,"referenceBytes":1069526}
[merge-image-generate:b1f7cee4-9530-4d3c-b81c-087804216f04] image-api request start +2ms total=70ms {"endpoint":"https://dmit.yyrouter.cc/v1/images/edits","model":"gpt-image-2","size":"1024x1365","promptChars":23607,"referenceCount":4}
[merge-image-generate:b1f7cee4-9530-4d3c-b81c-087804216f04] image-api response received +96976ms total=97046ms {"endpoint":"https://dmit.yyrouter.cc/v1/images/edits","status":200}
[merge-image-generate:b1f7cee4-9530-4d3c-b81c-087804216f04] image-api response body read +3848ms total=100894ms {"endpoint":"https://dmit.yyrouter.cc/v1/images/edits","bodyChars":2233255}
[merge-image-generate:b1f7cee4-9530-4d3c-b81c-087804216f04] image api completed +5ms total=100899ms {"hasUsage":true,"dataCount":1}
[merge-image-generate:b1f7cee4-9530-4d3c-b81c-087804216f04] image buffer decoded +2ms total=100901ms {"source":"b64_json","imageBytes":1673147}
[merge-image-generate:b1f7cee4-9530-4d3c-b81c-087804216f04] image saved as raster +2ms total=100902ms {"outputBytes":1673147,"mimeType":"image/png"}
[merge-image-generate:b1f7cee4-9530-4d3c-b81c-087804216f04] output written +7ms total=100910ms {"fileName":"ai-merge-image-skill-local-1782973483411.png","outputBytes":1673147}
[merge-image-generate:b1f7cee4-9530-4d3c-b81c-087804216f04] project json written +3ms total=100913ms
[merge-image-generate:53ba7423-d2a9-4818-b371-2a01cfe369b0] request parsed +0ms total=0ms {"requestFiles":4,"requestBytes":1069526,"promptChars":6284,"requestedSize":"1024x1365","apiSize":"1024x1365"}
[merge-image-generate:53ba7423-d2a9-4818-b371-2a01cfe369b0] skill loaded +58ms total=59ms {"skillId":"ai-merge-image-skill-local"}
[merge-image-generate:53ba7423-d2a9-4818-b371-2a01cfe369b0] uploads saved +3ms total=62ms {"uploadedCount":4,"uploadedBytes":1069526}
[merge-image-generate:53ba7423-d2a9-4818-b371-2a01cfe369b0] reference urls built +1ms total=62ms {"referenceCount":4,"roles":"product,background,angle,model"}
[merge-image-generate:53ba7423-d2a9-4818-b371-2a01cfe369b0] prompt built +1ms total=63ms {"finalPromptChars":24108}
[merge-image-generate:53ba7423-d2a9-4818-b371-2a01cfe369b0] image-api references loaded +2ms total=65ms {"referenceCount":4,"referenceBytes":1069526}
[merge-image-generate:53ba7423-d2a9-4818-b371-2a01cfe369b0] image-api request start +1ms total=66ms {"endpoint":"https://dmit.yyrouter.cc/v1/images/edits","model":"gpt-image-2","size":"1024x1365","promptChars":24108,"referenceCount":4}
[merge-image-generate:53ba7423-d2a9-4818-b371-2a01cfe369b0] image-api response received +99613ms total=99679ms {"endpoint":"https://dmit.yyrouter.cc/v1/images/edits","status":200}
[merge-image-generate:53ba7423-d2a9-4818-b371-2a01cfe369b0] image-api response body read +2827ms total=102505ms {"endpoint":"https://dmit.yyrouter.cc/v1/images/edits","bodyChars":2454571}
[merge-image-generate:53ba7423-d2a9-4818-b371-2a01cfe369b0] image api completed +5ms total=102511ms {"hasUsage":true,"dataCount":1}
[merge-image-generate:53ba7423-d2a9-4818-b371-2a01cfe369b0] image buffer decoded +2ms total=102512ms {"source":"b64_json","imageBytes":1839063}
[merge-image-generate:53ba7423-d2a9-4818-b371-2a01cfe369b0] image saved as raster +1ms total=102513ms {"outputBytes":1839063,"mimeType":"image/png"}
[merge-image-generate:53ba7423-d2a9-4818-b371-2a01cfe369b0] output written +4ms total=102518ms {"fileName":"ai-merge-image-skill-local-1782974059349.png","outputBytes":1839063}
[merge-image-generate:53ba7423-d2a9-4818-b371-2a01cfe369b0] project json written +2ms total=102519ms
[merge-image-generate:de9d051d-81c9-4ce7-a6f6-ab2ae9ed9418] request parsed +0ms total=0ms {"requestFiles":4,"requestBytes":1069526,"promptChars":6926,"requestedSize":"1024x1365","apiSize":"1024x1365"}
[merge-image-generate:de9d051d-81c9-4ce7-a6f6-ab2ae9ed9418] skill loaded +57ms total=58ms {"skillId":"ai-merge-image-skill-local"}
[merge-image-generate:de9d051d-81c9-4ce7-a6f6-ab2ae9ed9418] uploads saved +3ms total=60ms {"uploadedCount":4,"uploadedBytes":1069526}
[merge-image-generate:de9d051d-81c9-4ce7-a6f6-ab2ae9ed9418] reference urls built +1ms total=62ms {"referenceCount":4,"roles":"product,background,angle,model"}
[merge-image-generate:de9d051d-81c9-4ce7-a6f6-ab2ae9ed9418] prompt built +1ms total=62ms {"finalPromptChars":24750}
[merge-image-generate:de9d051d-81c9-4ce7-a6f6-ab2ae9ed9418] image-api references loaded +2ms total=64ms {"referenceCount":4,"referenceBytes":1069526}
[merge-image-generate:de9d051d-81c9-4ce7-a6f6-ab2ae9ed9418] image-api request start +1ms total=65ms {"endpoint":"https://dmit.yyrouter.cc/v1/images/edits","model":"gpt-image-2","size":"1024x1365","promptChars":24750,"referenceCount":4}
[merge-image-generate:de9d051d-81c9-4ce7-a6f6-ab2ae9ed9418] image-api response received +101230ms total=101295ms {"endpoint":"https://dmit.yyrouter.cc/v1/images/edits","status":200}
[merge-image-generate:de9d051d-81c9-4ce7-a6f6-ab2ae9ed9418] image-api response body read +2202ms total=103497ms {"endpoint":"https://dmit.yyrouter.cc/v1/images/edits","bodyChars":2402014}
[merge-image-generate:de9d051d-81c9-4ce7-a6f6-ab2ae9ed9418] image api completed +4ms total=103501ms {"hasUsage":true,"dataCount":1}
[merge-image-generate:de9d051d-81c9-4ce7-a6f6-ab2ae9ed9418] image buffer decoded +3ms total=103504ms {"source":"b64_json","imageBytes":1799629}
[merge-image-generate:de9d051d-81c9-4ce7-a6f6-ab2ae9ed9418] image saved as raster +1ms total=103505ms {"outputBytes":1799629,"mimeType":"image/png"}
[merge-image-generate:de9d051d-81c9-4ce7-a6f6-ab2ae9ed9418] output written +6ms total=103511ms {"fileName":"ai-merge-image-skill-local-1782974346681.png","outputBytes":1799629}
[merge-image-generate:de9d051d-81c9-4ce7-a6f6-ab2ae9ed9418] project json written +3ms total=103514ms
[merge-image-generate:a29ec5a6-0383-4e3f-8c1e-fff721a6fcd9] request parsed +0ms total=0ms {"requestFiles":4,"requestBytes":1110699,"promptChars":6389,"requestedSize":"1024x1365","apiSize":"1024x1365"}
[merge-image-generate:a29ec5a6-0383-4e3f-8c1e-fff721a6fcd9] skill loaded +55ms total=55ms {"skillId":"ai-merge-image-skill-local"}
[merge-image-generate:a29ec5a6-0383-4e3f-8c1e-fff721a6fcd9] uploads saved +3ms total=58ms {"uploadedCount":4,"uploadedBytes":1110699}
[merge-image-generate:a29ec5a6-0383-4e3f-8c1e-fff721a6fcd9] reference urls built +1ms total=59ms {"referenceCount":4,"roles":"product,background,angle,model"}
[merge-image-generate:a29ec5a6-0383-4e3f-8c1e-fff721a6fcd9] prompt built +1ms total=60ms {"finalPromptChars":23245}
[merge-image-generate:a29ec5a6-0383-4e3f-8c1e-fff721a6fcd9] image-api references loaded +2ms total=61ms {"referenceCount":4,"referenceBytes":1110699}
[merge-image-generate:a29ec5a6-0383-4e3f-8c1e-fff721a6fcd9] image-api request start +1ms total=62ms {"endpoint":"https://dmit.yyrouter.cc/v1/images/edits","model":"gpt-image-2","size":"1024x1365","promptChars":23245,"referenceCount":4}
[merge-image-generate:a29ec5a6-0383-4e3f-8c1e-fff721a6fcd9] image-api response received +190037ms total=190100ms {"endpoint":"https://dmit.yyrouter.cc/v1/images/edits","status":200}
[merge-image-generate:a29ec5a6-0383-4e3f-8c1e-fff721a6fcd9] image-api response body read +1976ms total=192075ms {"endpoint":"https://dmit.yyrouter.cc/v1/images/edits","bodyChars":1936230}
[merge-image-generate:a29ec5a6-0383-4e3f-8c1e-fff721a6fcd9] image api completed +4ms total=192080ms {"hasUsage":true,"dataCount":1}
[merge-image-generate:a29ec5a6-0383-4e3f-8c1e-fff721a6fcd9] image buffer decoded +2ms total=192082ms {"source":"b64_json","imageBytes":1450242}
[merge-image-generate:a29ec5a6-0383-4e3f-8c1e-fff721a6fcd9] image saved as raster +2ms total=192083ms {"outputBytes":1450242,"mimeType":"image/png"}
[merge-image-generate:a29ec5a6-0383-4e3f-8c1e-fff721a6fcd9] output written +3ms total=192086ms {"fileName":"ai-merge-image-skill-local-1782974572309.png","outputBytes":1450242}
[merge-image-generate:a29ec5a6-0383-4e3f-8c1e-fff721a6fcd9] project json written +5ms total=192091ms
[merge-image-generate:b788baca-5290-4d14-89ef-01e147051985] request parsed +0ms total=0ms {"requestFiles":4,"requestBytes":1709355,"promptChars":7067,"requestedSize":"1024x1365","apiSize":"1024x1365"}
[merge-image-generate:b788baca-5290-4d14-89ef-01e147051985] skill loaded +56ms total=56ms {"skillId":"ai-merge-image-skill-local"}
[merge-image-generate:b788baca-5290-4d14-89ef-01e147051985] uploads saved +3ms total=59ms {"uploadedCount":4,"uploadedBytes":1709355}
[merge-image-generate:b788baca-5290-4d14-89ef-01e147051985] reference urls built +1ms total=60ms {"referenceCount":4,"roles":"product,background,angle,model"}
[merge-image-generate:b788baca-5290-4d14-89ef-01e147051985] prompt built +1ms total=60ms {"finalPromptChars":23243}
[merge-image-generate:b788baca-5290-4d14-89ef-01e147051985] image-api references loaded +2ms total=63ms {"referenceCount":4,"referenceBytes":1709355}
[merge-image-generate:b788baca-5290-4d14-89ef-01e147051985] image-api request start +2ms total=64ms {"endpoint":"https://dmit.yyrouter.cc/v1/images/edits","model":"gpt-image-2","size":"1024x1365","promptChars":23243,"referenceCount":4}
[merge-image-generate:b788baca-5290-4d14-89ef-01e147051985] image-api response received +109421ms total=109485ms {"endpoint":"https://dmit.yyrouter.cc/v1/images/edits","status":200}
[merge-image-generate:b788baca-5290-4d14-89ef-01e147051985] image-api response body read +3077ms total=112562ms {"endpoint":"https://dmit.yyrouter.cc/v1/images/edits","bodyChars":2264979}
[merge-image-generate:b788baca-5290-4d14-89ef-01e147051985] image api completed +11ms total=112573ms {"hasUsage":true,"dataCount":1}
[merge-image-generate:b788baca-5290-4d14-89ef-01e147051985] image buffer decoded +2ms total=112575ms {"source":"b64_json","imageBytes":1696528}
[merge-image-generate:b788baca-5290-4d14-89ef-01e147051985] image saved as raster +1ms total=112576ms {"outputBytes":1696528,"mimeType":"image/png"}
[merge-image-generate:b788baca-5290-4d14-89ef-01e147051985] output written +2ms total=112579ms {"fileName":"ai-merge-image-skill-local-1782974721961.png","outputBytes":1696528}
[merge-image-generate:b788baca-5290-4d14-89ef-01e147051985] project json written +4ms total=112582ms
[merge-image-generate:7cb3c57d-1760-40ec-a5fb-50437d5ce49f] request parsed +0ms total=0ms {"requestFiles":4,"requestBytes":1698314,"promptChars":6987,"requestedSize":"1024x1365","apiSize":"1024x1365"}
[merge-image-generate:7cb3c57d-1760-40ec-a5fb-50437d5ce49f] skill loaded +58ms total=58ms {"skillId":"ai-merge-image-skill-local"}
[merge-image-generate:7cb3c57d-1760-40ec-a5fb-50437d5ce49f] uploads saved +3ms total=61ms {"uploadedCount":4,"uploadedBytes":1698314}
[merge-image-generate:7cb3c57d-1760-40ec-a5fb-50437d5ce49f] reference urls built +1ms total=62ms {"referenceCount":4,"roles":"product,background,angle,model"}
[merge-image-generate:7cb3c57d-1760-40ec-a5fb-50437d5ce49f] prompt built +1ms total=63ms {"finalPromptChars":23004}
[merge-image-generate:7cb3c57d-1760-40ec-a5fb-50437d5ce49f] image-api references loaded +2ms total=64ms {"referenceCount":4,"referenceBytes":1698314}
[merge-image-generate:7cb3c57d-1760-40ec-a5fb-50437d5ce49f] image-api request start +2ms total=67ms {"endpoint":"https://dmit.yyrouter.cc/v1/images/edits","model":"gpt-image-2","size":"1024x1365","promptChars":23004,"referenceCount":4}
[merge-image-generate:7cb3c57d-1760-40ec-a5fb-50437d5ce49f] image-api response received +188429ms total=188496ms {"endpoint":"https://dmit.yyrouter.cc/v1/images/edits","status":200}
[merge-image-generate:7cb3c57d-1760-40ec-a5fb-50437d5ce49f] image-api response body read +2740ms total=191236ms {"endpoint":"https://dmit.yyrouter.cc/v1/images/edits","bodyChars":2737179}
[merge-image-generate:7cb3c57d-1760-40ec-a5fb-50437d5ce49f] image api completed +6ms total=191241ms {"hasUsage":true,"dataCount":1}
[merge-image-generate:7cb3c57d-1760-40ec-a5fb-50437d5ce49f] image buffer decoded +2ms total=191244ms {"source":"b64_json","imageBytes":2050749}
[merge-image-generate:7cb3c57d-1760-40ec-a5fb-50437d5ce49f] image saved as raster +2ms total=191245ms {"outputBytes":2050749,"mimeType":"image/png"}
[merge-image-generate:7cb3c57d-1760-40ec-a5fb-50437d5ce49f] output written +3ms total=191249ms {"fileName":"ai-merge-image-skill-local-1782974934008.png","outputBytes":2050749}
[merge-image-generate:7cb3c57d-1760-40ec-a5fb-50437d5ce49f] project json written +1ms total=191250ms
[merge-image-generate:48eec745-4201-48ce-bfe5-ed0d43c4d193] request parsed +0ms total=0ms {"requestFiles":4,"requestBytes":1698314,"promptChars":7400,"requestedSize":"1024x1365","apiSize":"1024x1365"}
[merge-image-generate:48eec745-4201-48ce-bfe5-ed0d43c4d193] skill loaded +56ms total=56ms {"skillId":"ai-merge-image-skill-local"}
[merge-image-generate:48eec745-4201-48ce-bfe5-ed0d43c4d193] uploads saved +3ms total=59ms {"uploadedCount":4,"uploadedBytes":1698314}
[merge-image-generate:48eec745-4201-48ce-bfe5-ed0d43c4d193] reference urls built +1ms total=60ms {"referenceCount":4,"roles":"product,background,angle,model"}
[merge-image-generate:48eec745-4201-48ce-bfe5-ed0d43c4d193] prompt built +1ms total=61ms {"finalPromptChars":23417}
[merge-image-generate:48eec745-4201-48ce-bfe5-ed0d43c4d193] image-api references loaded +2ms total=64ms {"referenceCount":4,"referenceBytes":1698314}
[merge-image-generate:48eec745-4201-48ce-bfe5-ed0d43c4d193] image-api request start +2ms total=66ms {"endpoint":"https://dmit.yyrouter.cc/v1/images/edits","model":"gpt-image-2","size":"1024x1365","promptChars":23417,"referenceCount":4}
[merge-image-generate:48eec745-4201-48ce-bfe5-ed0d43c4d193] image-api response received +59632ms total=59698ms {"endpoint":"https://dmit.yyrouter.cc/v1/images/edits","status":200}
[merge-image-generate:48eec745-4201-48ce-bfe5-ed0d43c4d193] image-api response body read +6000ms total=65698ms {"endpoint":"https://dmit.yyrouter.cc/v1/images/edits","bodyChars":2650056}
[merge-image-generate:48eec745-4201-48ce-bfe5-ed0d43c4d193] image api completed +10ms total=65709ms {"hasUsage":true,"dataCount":1}
[merge-image-generate:48eec745-4201-48ce-bfe5-ed0d43c4d193] image buffer decoded +2ms total=65711ms {"source":"b64_json","imageBytes":1985315}
[merge-image-generate:48eec745-4201-48ce-bfe5-ed0d43c4d193] image saved as raster +4ms total=65714ms {"outputBytes":1985315,"mimeType":"image/png"}
[merge-image-generate:48eec745-4201-48ce-bfe5-ed0d43c4d193] output written +5ms total=65719ms {"fileName":"ai-merge-image-skill-local-1782975232143.png","outputBytes":1985315}
[merge-image-generate:48eec745-4201-48ce-bfe5-ed0d43c4d193] project json written +1ms total=65721ms
[merge-image-generate:67a42e62-6777-4f88-9626-2ba903222e48] request parsed +1ms total=1ms {"requestFiles":4,"requestBytes":1620733,"promptChars":6860,"requestedSize":"1024x1365","apiSize":"1024x1365"}
[merge-image-generate:67a42e62-6777-4f88-9626-2ba903222e48] skill loaded +57ms total=58ms {"skillId":"ai-merge-image-skill-local"}
[merge-image-generate:67a42e62-6777-4f88-9626-2ba903222e48] uploads saved +3ms total=61ms {"uploadedCount":4,"uploadedBytes":1620733}
[merge-image-generate:67a42e62-6777-4f88-9626-2ba903222e48] reference urls built +1ms total=62ms {"referenceCount":4,"roles":"product,background,angle,model"}
[merge-image-generate:67a42e62-6777-4f88-9626-2ba903222e48] prompt built +1ms total=62ms {"finalPromptChars":22491}
[merge-image-generate:67a42e62-6777-4f88-9626-2ba903222e48] image-api references loaded +2ms total=64ms {"referenceCount":4,"referenceBytes":1620733}
[merge-image-generate:67a42e62-6777-4f88-9626-2ba903222e48] image-api request start +2ms total=66ms {"endpoint":"https://dmit.yyrouter.cc/v1/images/edits","model":"gpt-image-2","size":"1024x1365","promptChars":22491,"referenceCount":4}
[merge-image-generate:67a42e62-6777-4f88-9626-2ba903222e48] image-api response received +92189ms total=92255ms {"endpoint":"https://dmit.yyrouter.cc/v1/images/edits","status":200}
[merge-image-generate:67a42e62-6777-4f88-9626-2ba903222e48] image-api response body read +5298ms total=97553ms {"endpoint":"https://dmit.yyrouter.cc/v1/images/edits","bodyChars":2593839}
[merge-image-generate:67a42e62-6777-4f88-9626-2ba903222e48] image api completed +6ms total=97559ms {"hasUsage":true,"dataCount":1}
[merge-image-generate:67a42e62-6777-4f88-9626-2ba903222e48] image buffer decoded +2ms total=97561ms {"source":"b64_json","imageBytes":1943466}
[merge-image-generate:67a42e62-6777-4f88-9626-2ba903222e48] image saved as raster +1ms total=97562ms {"outputBytes":1943466,"mimeType":"image/png"}
[merge-image-generate:67a42e62-6777-4f88-9626-2ba903222e48] output written +4ms total=97566ms {"fileName":"ai-merge-image-skill-local-1782975566410.png","outputBytes":1943466}
[merge-image-generate:67a42e62-6777-4f88-9626-2ba903222e48] project json written +2ms total=97568ms
[merge-image-generate:a61b0219-25b8-4c7f-9e18-81473a34d36d] request parsed +1ms total=1ms {"requestFiles":4,"requestBytes":1620733,"promptChars":6958,"requestedSize":"1024x1365","apiSize":"1024x1365"}
[merge-image-generate:a61b0219-25b8-4c7f-9e18-81473a34d36d] skill loaded +58ms total=58ms {"skillId":"ai-merge-image-skill-local"}
[merge-image-generate:a61b0219-25b8-4c7f-9e18-81473a34d36d] uploads saved +3ms total=61ms {"uploadedCount":4,"uploadedBytes":1620733}
[merge-image-generate:a61b0219-25b8-4c7f-9e18-81473a34d36d] reference urls built +1ms total=62ms {"referenceCount":4,"roles":"product,background,angle,model"}
[merge-image-generate:a61b0219-25b8-4c7f-9e18-81473a34d36d] prompt built +1ms total=63ms {"finalPromptChars":22589}
[merge-image-generate:a61b0219-25b8-4c7f-9e18-81473a34d36d] image-api references loaded +2ms total=65ms {"referenceCount":4,"referenceBytes":1620733}
[merge-image-generate:a61b0219-25b8-4c7f-9e18-81473a34d36d] image-api request start +2ms total=66ms {"endpoint":"https://dmit.yyrouter.cc/v1/images/edits","model":"gpt-image-2","size":"1024x1365","promptChars":22589,"referenceCount":4}
[merge-image-generate:a61b0219-25b8-4c7f-9e18-81473a34d36d] image-api response received +93351ms total=93417ms {"endpoint":"https://dmit.yyrouter.cc/v1/images/edits","status":200}
[merge-image-generate:a61b0219-25b8-4c7f-9e18-81473a34d36d] image-api response body read +3148ms total=96565ms {"endpoint":"https://dmit.yyrouter.cc/v1/images/edits","bodyChars":2217202}
[merge-image-generate:a61b0219-25b8-4c7f-9e18-81473a34d36d] image api completed +3ms total=96568ms {"hasUsage":true,"dataCount":1}
[merge-image-generate:a61b0219-25b8-4c7f-9e18-81473a34d36d] image buffer decoded +2ms total=96570ms {"source":"b64_json","imageBytes":1660801}
[merge-image-generate:a61b0219-25b8-4c7f-9e18-81473a34d36d] image saved as raster +1ms total=96571ms {"outputBytes":1660801,"mimeType":"image/png"}
[merge-image-generate:a61b0219-25b8-4c7f-9e18-81473a34d36d] output written +1ms total=96572ms {"fileName":"ai-merge-image-skill-local-1782975918641.png","outputBytes":1660801}
[merge-image-generate:a61b0219-25b8-4c7f-9e18-81473a34d36d] project json written +2ms total=96574ms
[merge-image-generate:42f1674a-b9a0-4291-a3c2-efaf542e4a05] request parsed +1ms total=1ms {"requestFiles":4,"requestBytes":1593988,"promptChars":6938,"requestedSize":"1024x1365","apiSize":"1024x1365"}
[merge-image-generate:42f1674a-b9a0-4291-a3c2-efaf542e4a05] skill loaded +53ms total=55ms {"skillId":"ai-merge-image-skill-local"}
[merge-image-generate:42f1674a-b9a0-4291-a3c2-efaf542e4a05] uploads saved +3ms total=58ms {"uploadedCount":4,"uploadedBytes":1593988}
[merge-image-generate:42f1674a-b9a0-4291-a3c2-efaf542e4a05] reference urls built +1ms total=58ms {"referenceCount":4,"roles":"product,background,angle,model"}
[merge-image-generate:42f1674a-b9a0-4291-a3c2-efaf542e4a05] prompt built +1ms total=59ms {"finalPromptChars":22285}
[merge-image-generate:42f1674a-b9a0-4291-a3c2-efaf542e4a05] image-api references loaded +2ms total=61ms {"referenceCount":4,"referenceBytes":1593988}
[merge-image-generate:42f1674a-b9a0-4291-a3c2-efaf542e4a05] image-api request start +1ms total=63ms {"endpoint":"https://dmit.yyrouter.cc/v1/images/edits","model":"gpt-image-2","size":"1024x1365","promptChars":22285,"referenceCount":4}
[merge-image-generate:de0ab672-1211-4311-9951-d64acff9e1b3] request parsed +0ms total=0ms {"requestFiles":4,"requestBytes":1593988,"promptChars":6938,"requestedSize":"1536x1152","apiSize":"1536x1152"}
[merge-image-generate:de0ab672-1211-4311-9951-d64acff9e1b3] skill loaded +53ms total=53ms {"skillId":"ai-merge-image-skill-local"}
[merge-image-generate:de0ab672-1211-4311-9951-d64acff9e1b3] uploads saved +3ms total=56ms {"uploadedCount":4,"uploadedBytes":1593988}
[merge-image-generate:de0ab672-1211-4311-9951-d64acff9e1b3] reference urls built +1ms total=57ms {"referenceCount":4,"roles":"product,background,angle,model"}
[merge-image-generate:de0ab672-1211-4311-9951-d64acff9e1b3] prompt built +1ms total=57ms {"finalPromptChars":22279}
[merge-image-generate:de0ab672-1211-4311-9951-d64acff9e1b3] image-api references loaded +1ms total=59ms {"referenceCount":4,"referenceBytes":1593988}
[merge-image-generate:de0ab672-1211-4311-9951-d64acff9e1b3] image-api request start +1ms total=60ms {"endpoint":"https://dmit.yyrouter.cc/v1/images/edits","model":"gpt-image-2","size":"1536x1152","promptChars":22279,"referenceCount":4}
[merge-image-generate:42f1674a-b9a0-4291-a3c2-efaf542e4a05] image-api response received +89632ms total=89695ms {"endpoint":"https://dmit.yyrouter.cc/v1/images/edits","status":200}
[merge-image-generate:42f1674a-b9a0-4291-a3c2-efaf542e4a05] image-api response body read +7069ms total=96764ms {"endpoint":"https://dmit.yyrouter.cc/v1/images/edits","bodyChars":2319884}
[merge-image-generate:42f1674a-b9a0-4291-a3c2-efaf542e4a05] image api completed +3ms total=96767ms {"hasUsage":true,"dataCount":1}
[merge-image-generate:42f1674a-b9a0-4291-a3c2-efaf542e4a05] image buffer decoded +2ms total=96769ms {"source":"b64_json","imageBytes":1737714}
[merge-image-generate:42f1674a-b9a0-4291-a3c2-efaf542e4a05] image saved as raster +1ms total=96771ms {"outputBytes":1737714,"mimeType":"image/png"}
[merge-image-generate:42f1674a-b9a0-4291-a3c2-efaf542e4a05] output written +2ms total=96772ms {"fileName":"ai-merge-image-skill-local-1782976043878.png","outputBytes":1737714}
[merge-image-generate:42f1674a-b9a0-4291-a3c2-efaf542e4a05] project json written +1ms total=96773ms
[merge-image-generate:de0ab672-1211-4311-9951-d64acff9e1b3] image-api response received +111303ms total=111363ms {"endpoint":"https://dmit.yyrouter.cc/v1/images/edits","status":200}
[merge-image-generate:de0ab672-1211-4311-9951-d64acff9e1b3] image-api response body read +5565ms total=116928ms {"endpoint":"https://dmit.yyrouter.cc/v1/images/edits","bodyChars":2252091}
[merge-image-generate:de0ab672-1211-4311-9951-d64acff9e1b3] image api completed +5ms total=116933ms {"hasUsage":true,"dataCount":1}
[merge-image-generate:de0ab672-1211-4311-9951-d64acff9e1b3] image buffer decoded +2ms total=116935ms {"source":"b64_json","imageBytes":1687376}
[merge-image-generate:de0ab672-1211-4311-9951-d64acff9e1b3] image saved as raster +1ms total=116936ms {"outputBytes":1687376,"mimeType":"image/png"}
[merge-image-generate:de0ab672-1211-4311-9951-d64acff9e1b3] output written +2ms total=116938ms {"fileName":"ai-merge-image-skill-local-1782976076208.png","outputBytes":1687376}
[merge-image-generate:de0ab672-1211-4311-9951-d64acff9e1b3] project json written +4ms total=116942ms
[merge-image-generate:e6dd0631-151f-40b2-8326-a941120b2f0c] request parsed +0ms total=0ms {"requestFiles":4,"requestBytes":1593988,"promptChars":7008,"requestedSize":"1024x1365","apiSize":"1024x1365"}
[merge-image-generate:e6dd0631-151f-40b2-8326-a941120b2f0c] skill loaded +59ms total=60ms {"skillId":"ai-merge-image-skill-local"}
[merge-image-generate:e6dd0631-151f-40b2-8326-a941120b2f0c] uploads saved +3ms total=63ms {"uploadedCount":4,"uploadedBytes":1593988}
[merge-image-generate:e6dd0631-151f-40b2-8326-a941120b2f0c] reference urls built +1ms total=64ms {"referenceCount":4,"roles":"product,background,angle,model"}
[merge-image-generate:e6dd0631-151f-40b2-8326-a941120b2f0c] prompt built +1ms total=64ms {"finalPromptChars":22355}
[merge-image-generate:e6dd0631-151f-40b2-8326-a941120b2f0c] image-api references loaded +2ms total=66ms {"referenceCount":4,"referenceBytes":1593988}
[merge-image-generate:e6dd0631-151f-40b2-8326-a941120b2f0c] image-api request start +1ms total=68ms {"endpoint":"https://dmit.yyrouter.cc/v1/images/edits","model":"gpt-image-2","size":"1024x1365","promptChars":22355,"referenceCount":4}
[merge-image-generate:e6dd0631-151f-40b2-8326-a941120b2f0c] image-api response received +108925ms total=108993ms {"endpoint":"https://dmit.yyrouter.cc/v1/images/edits","status":200}
[merge-image-generate:e6dd0631-151f-40b2-8326-a941120b2f0c] image-api response body read +4262ms total=113254ms {"endpoint":"https://dmit.yyrouter.cc/v1/images/edits","bodyChars":2450594}
[merge-image-generate:e6dd0631-151f-40b2-8326-a941120b2f0c] image api completed +9ms total=113263ms {"hasUsage":true,"dataCount":1}
[merge-image-generate:e6dd0631-151f-40b2-8326-a941120b2f0c] image buffer decoded +4ms total=113266ms {"source":"b64_json","imageBytes":1835983}
[merge-image-generate:e6dd0631-151f-40b2-8326-a941120b2f0c] image saved as raster +3ms total=113270ms {"outputBytes":1835983,"mimeType":"image/png"}
[merge-image-generate:e6dd0631-151f-40b2-8326-a941120b2f0c] output written +3ms total=113273ms {"fileName":"ai-merge-image-skill-local-1782976328215.png","outputBytes":1835983}
[merge-image-generate:e6dd0631-151f-40b2-8326-a941120b2f0c] project json written +4ms total=113277ms
[merge-image-generate:632f9e22-ea17-4cba-b674-3dba3fb5dfec] request parsed +0ms total=0ms {"requestFiles":4,"requestBytes":1593988,"promptChars":7072,"requestedSize":"1024x1365","apiSize":"1024x1365"}
[merge-image-generate:632f9e22-ea17-4cba-b674-3dba3fb5dfec] skill loaded +59ms total=59ms {"skillId":"ai-merge-image-skill-local"}
[merge-image-generate:632f9e22-ea17-4cba-b674-3dba3fb5dfec] uploads saved +3ms total=62ms {"uploadedCount":4,"uploadedBytes":1593988}
[merge-image-generate:632f9e22-ea17-4cba-b674-3dba3fb5dfec] reference urls built +1ms total=63ms {"referenceCount":4,"roles":"product,background,angle,model"}
[merge-image-generate:632f9e22-ea17-4cba-b674-3dba3fb5dfec] prompt built +1ms total=64ms {"finalPromptChars":22419}
[merge-image-generate:632f9e22-ea17-4cba-b674-3dba3fb5dfec] image-api references loaded +2ms total=66ms {"referenceCount":4,"referenceBytes":1593988}
[merge-image-generate:632f9e22-ea17-4cba-b674-3dba3fb5dfec] image-api request start +2ms total=68ms {"endpoint":"https://dmit.yyrouter.cc/v1/images/edits","model":"gpt-image-2","size":"1024x1365","promptChars":22419,"referenceCount":4}
[merge-image-generate:632f9e22-ea17-4cba-b674-3dba3fb5dfec] image-api response received +103533ms total=103601ms {"endpoint":"https://dmit.yyrouter.cc/v1/images/edits","status":200}
[merge-image-generate:632f9e22-ea17-4cba-b674-3dba3fb5dfec] image-api response body read +6063ms total=109664ms {"endpoint":"https://dmit.yyrouter.cc/v1/images/edits","bodyChars":2208001}
[merge-image-generate:632f9e22-ea17-4cba-b674-3dba3fb5dfec] image api completed +14ms total=109678ms {"hasUsage":true,"dataCount":1}
[merge-image-generate:632f9e22-ea17-4cba-b674-3dba3fb5dfec] image buffer decoded +3ms total=109681ms {"source":"b64_json","imageBytes":1654052}
[merge-image-generate:632f9e22-ea17-4cba-b674-3dba3fb5dfec] image saved as raster +2ms total=109683ms {"outputBytes":1654052,"mimeType":"image/png"}
[merge-image-generate:632f9e22-ea17-4cba-b674-3dba3fb5dfec] output written +3ms total=109686ms {"fileName":"ai-merge-image-skill-local-1782976536139.png","outputBytes":1654052}
[merge-image-generate:632f9e22-ea17-4cba-b674-3dba3fb5dfec] project json written +4ms total=109690ms
[merge-image-generate:7e71b531-101e-4f23-8184-35bb3993d31f] request parsed +0ms total=0ms {"requestFiles":4,"requestBytes":1593988,"promptChars":7072,"requestedSize":"1536x1152","apiSize":"1536x1152"}
[merge-image-generate:7e71b531-101e-4f23-8184-35bb3993d31f] skill loaded +55ms total=56ms {"skillId":"ai-merge-image-skill-local"}
[merge-image-generate:7e71b531-101e-4f23-8184-35bb3993d31f] uploads saved +3ms total=58ms {"uploadedCount":4,"uploadedBytes":1593988}
[merge-image-generate:7e71b531-101e-4f23-8184-35bb3993d31f] reference urls built +1ms total=59ms {"referenceCount":4,"roles":"product,background,angle,model"}
[merge-image-generate:7e71b531-101e-4f23-8184-35bb3993d31f] prompt built +1ms total=60ms {"finalPromptChars":22413}
[merge-image-generate:7e71b531-101e-4f23-8184-35bb3993d31f] image-api references loaded +2ms total=62ms {"referenceCount":4,"referenceBytes":1593988}
[merge-image-generate:7e71b531-101e-4f23-8184-35bb3993d31f] image-api request start +2ms total=63ms {"endpoint":"https://dmit.yyrouter.cc/v1/images/edits","model":"gpt-image-2","size":"1536x1152","promptChars":22413,"referenceCount":4}
[merge-image-generate:7e71b531-101e-4f23-8184-35bb3993d31f] image-api response received +61997ms total=62060ms {"endpoint":"https://dmit.yyrouter.cc/v1/images/edits","status":200}
[merge-image-generate:7e71b531-101e-4f23-8184-35bb3993d31f] image-api response body read +4212ms total=66273ms {"endpoint":"https://dmit.yyrouter.cc/v1/images/edits","bodyChars":2424945}
[merge-image-generate:7e71b531-101e-4f23-8184-35bb3993d31f] image api completed +42ms total=66315ms {"hasUsage":true,"dataCount":1}
[merge-image-generate:7e71b531-101e-4f23-8184-35bb3993d31f] image buffer decoded +3ms total=66318ms {"source":"b64_json","imageBytes":1817315}
[merge-image-generate:7e71b531-101e-4f23-8184-35bb3993d31f] image saved as raster +1ms total=66319ms {"outputBytes":1817315,"mimeType":"image/png"}
[merge-image-generate:7e71b531-101e-4f23-8184-35bb3993d31f] output written +2ms total=66320ms {"fileName":"ai-merge-image-skill-local-1782976612908.png","outputBytes":1817315}
[merge-image-generate:7e71b531-101e-4f23-8184-35bb3993d31f] project json written +2ms total=66323ms
[merge-image-generate:ed029581-7dc3-40be-9294-1760befa9656] request parsed +0ms total=0ms {"requestFiles":4,"requestBytes":1208430,"promptChars":7072,"requestedSize":"1536x1152","apiSize":"1536x1152"}
[merge-image-generate:ed029581-7dc3-40be-9294-1760befa9656] skill loaded +59ms total=59ms {"skillId":"ai-merge-image-skill-local"}
[merge-image-generate:ed029581-7dc3-40be-9294-1760befa9656] uploads saved +2ms total=62ms {"uploadedCount":4,"uploadedBytes":1208430}
[merge-image-generate:ed029581-7dc3-40be-9294-1760befa9656] reference urls built +1ms total=63ms {"referenceCount":4,"roles":"product,background,angle,model"}
[merge-image-generate:ed029581-7dc3-40be-9294-1760befa9656] prompt built +1ms total=63ms {"finalPromptChars":22305}
[merge-image-generate:ed029581-7dc3-40be-9294-1760befa9656] image-api references loaded +1ms total=65ms {"referenceCount":4,"referenceBytes":1208430}
[merge-image-generate:ed029581-7dc3-40be-9294-1760befa9656] image-api request start +2ms total=66ms {"endpoint":"https://dmit.yyrouter.cc/v1/images/edits","model":"gpt-image-2","size":"1536x1152","promptChars":22305,"referenceCount":4}
[merge-image-generate:ed029581-7dc3-40be-9294-1760befa9656] image-api response received +117425ms total=117491ms {"endpoint":"https://dmit.yyrouter.cc/v1/images/edits","status":200}
[merge-image-generate:ed029581-7dc3-40be-9294-1760befa9656] image-api response body read +3126ms total=120617ms {"endpoint":"https://dmit.yyrouter.cc/v1/images/edits","bodyChars":2308055}
[merge-image-generate:ed029581-7dc3-40be-9294-1760befa9656] image api completed +12ms total=120629ms {"hasUsage":true,"dataCount":1}
[merge-image-generate:ed029581-7dc3-40be-9294-1760befa9656] image buffer decoded +2ms total=120631ms {"source":"b64_json","imageBytes":1728841}
[merge-image-generate:ed029581-7dc3-40be-9294-1760befa9656] image saved as raster +1ms total=120632ms {"outputBytes":1728841,"mimeType":"image/png"}
[merge-image-generate:ed029581-7dc3-40be-9294-1760befa9656] output written +4ms total=120636ms {"fileName":"ai-merge-image-skill-local-1782976742555.png","outputBytes":1728841}
[merge-image-generate:ed029581-7dc3-40be-9294-1760befa9656] project json written +1ms total=120637ms
[merge-image-generate:2843638a-86b6-4139-8404-d8ea93572e7c] request parsed +0ms total=0ms {"requestFiles":4,"requestBytes":694441,"promptChars":6901,"requestedSize":"1536x1152","apiSize":"1536x1152"}
[merge-image-generate:2843638a-86b6-4139-8404-d8ea93572e7c] skill loaded +56ms total=56ms {"skillId":"ai-merge-image-skill-local"}
[merge-image-generate:2843638a-86b6-4139-8404-d8ea93572e7c] uploads saved +3ms total=59ms {"uploadedCount":4,"uploadedBytes":694441}
[merge-image-generate:2843638a-86b6-4139-8404-d8ea93572e7c] reference urls built +1ms total=60ms {"referenceCount":4,"roles":"product,background,angle,model"}
[merge-image-generate:2843638a-86b6-4139-8404-d8ea93572e7c] prompt built +1ms total=60ms {"finalPromptChars":23618}
[merge-image-generate:2843638a-86b6-4139-8404-d8ea93572e7c] image-api references loaded +1ms total=62ms {"referenceCount":4,"referenceBytes":694441}
[merge-image-generate:2843638a-86b6-4139-8404-d8ea93572e7c] image-api request start +1ms total=63ms {"endpoint":"https://dmit.yyrouter.cc/v1/images/edits","model":"gpt-image-2","size":"1536x1152","promptChars":23618,"referenceCount":4}
[merge-image-generate:2843638a-86b6-4139-8404-d8ea93572e7c] image-api response received +99443ms total=99506ms {"endpoint":"https://dmit.yyrouter.cc/v1/images/edits","status":200}
[merge-image-generate:2843638a-86b6-4139-8404-d8ea93572e7c] image-api response body read +5830ms total=105335ms {"endpoint":"https://dmit.yyrouter.cc/v1/images/edits","bodyChars":2284699}
[merge-image-generate:2843638a-86b6-4139-8404-d8ea93572e7c] image api completed +3ms total=105339ms {"hasUsage":true,"dataCount":1}
[merge-image-generate:2843638a-86b6-4139-8404-d8ea93572e7c] image buffer decoded +2ms total=105340ms {"source":"b64_json","imageBytes":1711989}
[merge-image-generate:2843638a-86b6-4139-8404-d8ea93572e7c] image saved as raster +1ms total=105342ms {"outputBytes":1711989,"mimeType":"image/png"}
[merge-image-generate:2843638a-86b6-4139-8404-d8ea93572e7c] output written +4ms total=105346ms {"fileName":"ai-merge-image-skill-local-1782976889908.png","outputBytes":1711989}
[merge-image-generate:2843638a-86b6-4139-8404-d8ea93572e7c] project json written +1ms total=105347ms
[merge-image-generate:2312ee31-9bb4-4cc6-a769-472dc98f8a80] request parsed +0ms total=0ms {"requestFiles":4,"requestBytes":1219087,"promptChars":6846,"requestedSize":"1536x1152","apiSize":"1536x1152"}
[merge-image-generate:2312ee31-9bb4-4cc6-a769-472dc98f8a80] skill loaded +56ms total=56ms {"skillId":"ai-merge-image-skill-local"}
[merge-image-generate:2312ee31-9bb4-4cc6-a769-472dc98f8a80] uploads saved +3ms total=59ms {"uploadedCount":4,"uploadedBytes":1219087}
[merge-image-generate:2312ee31-9bb4-4cc6-a769-472dc98f8a80] reference urls built +1ms total=60ms {"referenceCount":4,"roles":"product,background,angle,model"}
[merge-image-generate:2312ee31-9bb4-4cc6-a769-472dc98f8a80] prompt built +1ms total=60ms {"finalPromptChars":22971}
[merge-image-generate:2312ee31-9bb4-4cc6-a769-472dc98f8a80] image-api references loaded +2ms total=62ms {"referenceCount":4,"referenceBytes":1219087}
[merge-image-generate:2312ee31-9bb4-4cc6-a769-472dc98f8a80] image-api request start +2ms total=64ms {"endpoint":"https://dmit.yyrouter.cc/v1/images/edits","model":"gpt-image-2","size":"1536x1152","promptChars":22971,"referenceCount":4}
[merge-image-generate:2312ee31-9bb4-4cc6-a769-472dc98f8a80] image-api response received +71231ms total=71295ms {"endpoint":"https://dmit.yyrouter.cc/v1/images/edits","status":200}
[merge-image-generate:2312ee31-9bb4-4cc6-a769-472dc98f8a80] image-api response body read +5032ms total=76328ms {"endpoint":"https://dmit.yyrouter.cc/v1/images/edits","bodyChars":2472312}
[merge-image-generate:2312ee31-9bb4-4cc6-a769-472dc98f8a80] image api completed +9ms total=76337ms {"hasUsage":true,"dataCount":1}
[merge-image-generate:2312ee31-9bb4-4cc6-a769-472dc98f8a80] image buffer decoded +4ms total=76341ms {"source":"b64_json","imageBytes":1852724}
[merge-image-generate:2312ee31-9bb4-4cc6-a769-472dc98f8a80] image saved as raster +3ms total=76343ms {"outputBytes":1852724,"mimeType":"image/png"}
[merge-image-generate:2312ee31-9bb4-4cc6-a769-472dc98f8a80] output written +4ms total=76347ms {"fileName":"ai-merge-image-skill-local-1782977000071.png","outputBytes":1852724}
[merge-image-generate:2312ee31-9bb4-4cc6-a769-472dc98f8a80] project json written +2ms total=76350ms
[merge-image-generate:daa8acf7-1355-4e42-b1d0-abb410d0cbc8] request parsed +0ms total=0ms {"requestFiles":4,"requestBytes":1219087,"promptChars":7356,"requestedSize":"1536x1152","apiSize":"1536x1152"}
[merge-image-generate:daa8acf7-1355-4e42-b1d0-abb410d0cbc8] skill loaded +56ms total=57ms {"skillId":"ai-merge-image-skill-local"}
[merge-image-generate:daa8acf7-1355-4e42-b1d0-abb410d0cbc8] uploads saved +3ms total=59ms {"uploadedCount":4,"uploadedBytes":1219087}
[merge-image-generate:daa8acf7-1355-4e42-b1d0-abb410d0cbc8] reference urls built +1ms total=60ms {"referenceCount":4,"roles":"product,background,angle,model"}
[merge-image-generate:daa8acf7-1355-4e42-b1d0-abb410d0cbc8] prompt built +1ms total=61ms {"finalPromptChars":23481}
[merge-image-generate:daa8acf7-1355-4e42-b1d0-abb410d0cbc8] image-api references loaded +1ms total=63ms {"referenceCount":4,"referenceBytes":1219087}
[merge-image-generate:daa8acf7-1355-4e42-b1d0-abb410d0cbc8] image-api request start +1ms total=64ms {"endpoint":"https://dmit.yyrouter.cc/v1/images/edits","model":"gpt-image-2","size":"1536x1152","promptChars":23481,"referenceCount":4}
[merge-image-generate:daa8acf7-1355-4e42-b1d0-abb410d0cbc8] image-api response received +79630ms total=79694ms {"endpoint":"https://dmit.yyrouter.cc/v1/images/edits","status":200}
[merge-image-generate:daa8acf7-1355-4e42-b1d0-abb410d0cbc8] image-api response body read +4391ms total=84085ms {"endpoint":"https://dmit.yyrouter.cc/v1/images/edits","bodyChars":2404673}
[merge-image-generate:daa8acf7-1355-4e42-b1d0-abb410d0cbc8] image api completed +5ms total=84090ms {"hasUsage":true,"dataCount":1}
[merge-image-generate:daa8acf7-1355-4e42-b1d0-abb410d0cbc8] image buffer decoded +2ms total=84092ms {"source":"b64_json","imageBytes":1801635}
[merge-image-generate:daa8acf7-1355-4e42-b1d0-abb410d0cbc8] image saved as raster +1ms total=84093ms {"outputBytes":1801635,"mimeType":"image/png"}
[merge-image-generate:daa8acf7-1355-4e42-b1d0-abb410d0cbc8] output written +4ms total=84097ms {"fileName":"ai-merge-image-skill-local-1782977372708.png","outputBytes":1801635}
[merge-image-generate:daa8acf7-1355-4e42-b1d0-abb410d0cbc8] project json written +1ms total=84099ms
[merge-image-generate:54b8f505-3d54-46ad-b59a-e89d428c192e] request parsed +0ms total=0ms {"requestFiles":4,"requestBytes":1264521,"promptChars":6857,"requestedSize":"1536x864","apiSize":"1536x864"}
[merge-image-generate:54b8f505-3d54-46ad-b59a-e89d428c192e] skill loaded +57ms total=57ms {"skillId":"ai-merge-image-skill-local"}
[merge-image-generate:54b8f505-3d54-46ad-b59a-e89d428c192e] uploads saved +3ms total=60ms {"uploadedCount":4,"uploadedBytes":1264521}
[merge-image-generate:54b8f505-3d54-46ad-b59a-e89d428c192e] reference urls built +1ms total=60ms {"referenceCount":4,"roles":"product,background,angle,model"}
[merge-image-generate:54b8f505-3d54-46ad-b59a-e89d428c192e] prompt built +1ms total=61ms {"finalPromptChars":21725}
[merge-image-generate:54b8f505-3d54-46ad-b59a-e89d428c192e] image-api references loaded +1ms total=63ms {"referenceCount":4,"referenceBytes":1264521}
[merge-image-generate:54b8f505-3d54-46ad-b59a-e89d428c192e] image-api request start +1ms total=64ms {"endpoint":"https://dmit.yyrouter.cc/v1/images/edits","model":"gpt-image-2","size":"1536x864","promptChars":21725,"referenceCount":4}
[merge-image-generate:54b8f505-3d54-46ad-b59a-e89d428c192e] image-api response received +79065ms total=79129ms {"endpoint":"https://dmit.yyrouter.cc/v1/images/edits","status":200}
[merge-image-generate:54b8f505-3d54-46ad-b59a-e89d428c192e] image-api response body read +2884ms total=82013ms {"endpoint":"https://dmit.yyrouter.cc/v1/images/edits","bodyChars":2412503}
[merge-image-generate:54b8f505-3d54-46ad-b59a-e89d428c192e] image api completed +13ms total=82027ms {"hasUsage":true,"dataCount":1}
[merge-image-generate:54b8f505-3d54-46ad-b59a-e89d428c192e] image buffer decoded +3ms total=82029ms {"source":"b64_json","imageBytes":1807869}
[merge-image-generate:54b8f505-3d54-46ad-b59a-e89d428c192e] image saved as raster +1ms total=82030ms {"outputBytes":1807869,"mimeType":"image/png"}
[merge-image-generate:54b8f505-3d54-46ad-b59a-e89d428c192e] output written +4ms total=82034ms {"fileName":"ai-merge-image-skill-local-1782977988883.png","outputBytes":1807869}
[merge-image-generate:54b8f505-3d54-46ad-b59a-e89d428c192e] project json written +1ms total=82035ms
[merge-image-generate:3699efac-9df8-4ba3-b303-65bc9cbe6cd2] request parsed +0ms total=0ms {"requestFiles":4,"requestBytes":1264521,"promptChars":6982,"requestedSize":"1536x864","apiSize":"1536x864"}
[merge-image-generate:3699efac-9df8-4ba3-b303-65bc9cbe6cd2] skill loaded +55ms total=56ms {"skillId":"ai-merge-image-skill-local"}
[merge-image-generate:3699efac-9df8-4ba3-b303-65bc9cbe6cd2] uploads saved +3ms total=58ms {"uploadedCount":4,"uploadedBytes":1264521}
[merge-image-generate:3699efac-9df8-4ba3-b303-65bc9cbe6cd2] reference urls built +1ms total=59ms {"referenceCount":4,"roles":"product,background,angle,model"}
[merge-image-generate:3699efac-9df8-4ba3-b303-65bc9cbe6cd2] prompt built +1ms total=60ms {"finalPromptChars":21850}
[merge-image-generate:3699efac-9df8-4ba3-b303-65bc9cbe6cd2] image-api references loaded +2ms total=61ms {"referenceCount":4,"referenceBytes":1264521}
[merge-image-generate:3699efac-9df8-4ba3-b303-65bc9cbe6cd2] image-api request start +1ms total=63ms {"endpoint":"https://dmit.yyrouter.cc/v1/images/edits","model":"gpt-image-2","size":"1536x864","promptChars":21850,"referenceCount":4}
[merge-image-generate:3699efac-9df8-4ba3-b303-65bc9cbe6cd2] image-api response received +80517ms total=80580ms {"endpoint":"https://dmit.yyrouter.cc/v1/images/edits","status":200}
[merge-image-generate:3699efac-9df8-4ba3-b303-65bc9cbe6cd2] image-api response body read +5651ms total=86231ms {"endpoint":"https://dmit.yyrouter.cc/v1/images/edits","bodyChars":2423758}
[merge-image-generate:3699efac-9df8-4ba3-b303-65bc9cbe6cd2] image api completed +14ms total=86246ms {"hasUsage":true,"dataCount":1}
[merge-image-generate:3699efac-9df8-4ba3-b303-65bc9cbe6cd2] image buffer decoded +2ms total=86248ms {"source":"b64_json","imageBytes":1816115}
[merge-image-generate:3699efac-9df8-4ba3-b303-65bc9cbe6cd2] image saved as raster +1ms total=86249ms {"outputBytes":1816115,"mimeType":"image/png"}
[merge-image-generate:3699efac-9df8-4ba3-b303-65bc9cbe6cd2] output written +4ms total=86252ms {"fileName":"ai-merge-image-skill-local-1782978232303.png","outputBytes":1816115}
[merge-image-generate:3699efac-9df8-4ba3-b303-65bc9cbe6cd2] project json written +1ms total=86254ms
[merge-image-generate:0020fda2-62c9-4128-bbaf-ca3fb755a1ee] request parsed +0ms total=0ms {"requestFiles":4,"requestBytes":1376071,"promptChars":6890,"requestedSize":"1536x864","apiSize":"1536x864"}
[merge-image-generate:0020fda2-62c9-4128-bbaf-ca3fb755a1ee] skill loaded +56ms total=56ms {"skillId":"ai-merge-image-skill-local"}
[merge-image-generate:0020fda2-62c9-4128-bbaf-ca3fb755a1ee] uploads saved +4ms total=60ms {"uploadedCount":4,"uploadedBytes":1376071}
[merge-image-generate:0020fda2-62c9-4128-bbaf-ca3fb755a1ee] reference urls built +1ms total=61ms {"referenceCount":4,"roles":"product,background,angle,model"}
[merge-image-generate:0020fda2-62c9-4128-bbaf-ca3fb755a1ee] prompt built +1ms total=62ms {"finalPromptChars":22934}
[merge-image-generate:0020fda2-62c9-4128-bbaf-ca3fb755a1ee] image-api references loaded +2ms total=64ms {"referenceCount":4,"referenceBytes":1376071}
[merge-image-generate:0020fda2-62c9-4128-bbaf-ca3fb755a1ee] image-api request start +1ms total=65ms {"endpoint":"https://dmit.yyrouter.cc/v1/images/edits","model":"gpt-image-2","size":"1536x864","promptChars":22934,"referenceCount":4}
[merge-image-generate:f92e0c46-b3c3-46b3-a31c-990b3466d251] request parsed +0ms total=0ms {"requestFiles":4,"requestBytes":1376071,"promptChars":6890,"requestedSize":"864x1536","apiSize":"864x1536"}
[merge-image-generate:f92e0c46-b3c3-46b3-a31c-990b3466d251] skill loaded +97ms total=97ms {"skillId":"ai-merge-image-skill-local"}
[merge-image-generate:f92e0c46-b3c3-46b3-a31c-990b3466d251] uploads saved +3ms total=100ms {"uploadedCount":4,"uploadedBytes":1376071}
[merge-image-generate:f92e0c46-b3c3-46b3-a31c-990b3466d251] reference urls built +3ms total=102ms {"referenceCount":4,"roles":"product,background,angle,model"}
[merge-image-generate:f92e0c46-b3c3-46b3-a31c-990b3466d251] prompt built +1ms total=103ms {"finalPromptChars":22934}
[merge-image-generate:f92e0c46-b3c3-46b3-a31c-990b3466d251] image-api references loaded +1ms total=105ms {"referenceCount":4,"referenceBytes":1376071}
[merge-image-generate:f92e0c46-b3c3-46b3-a31c-990b3466d251] image-api request start +1ms total=106ms {"endpoint":"https://dmit.yyrouter.cc/v1/images/edits","model":"gpt-image-2","size":"864x1536","promptChars":22934,"referenceCount":4}
[merge-image-generate:f92e0c46-b3c3-46b3-a31c-990b3466d251] image-api response received +62019ms total=62125ms {"endpoint":"https://dmit.yyrouter.cc/v1/images/edits","status":200}
[merge-image-generate:f92e0c46-b3c3-46b3-a31c-990b3466d251] image-api response body read +4781ms total=66906ms {"endpoint":"https://dmit.yyrouter.cc/v1/images/edits","bodyChars":2266876}
[merge-image-generate:f92e0c46-b3c3-46b3-a31c-990b3466d251] image api completed +78ms total=66984ms {"hasUsage":true,"dataCount":1}
[merge-image-generate:f92e0c46-b3c3-46b3-a31c-990b3466d251] image buffer decoded +2ms total=66986ms {"source":"b64_json","imageBytes":1698767}
[merge-image-generate:f92e0c46-b3c3-46b3-a31c-990b3466d251] image saved as raster +2ms total=66988ms {"outputBytes":1698767,"mimeType":"image/png"}
[merge-image-generate:f92e0c46-b3c3-46b3-a31c-990b3466d251] output written +2ms total=66990ms {"fileName":"ai-merge-image-skill-local-1782978320988.png","outputBytes":1698767}
[merge-image-generate:f92e0c46-b3c3-46b3-a31c-990b3466d251] project json written +1ms total=66991ms
[merge-image-generate:0020fda2-62c9-4128-bbaf-ca3fb755a1ee] image-api response received +78990ms total=79055ms {"endpoint":"https://dmit.yyrouter.cc/v1/images/edits","status":200}
[merge-image-generate:0020fda2-62c9-4128-bbaf-ca3fb755a1ee] image-api response body read +4772ms total=83827ms {"endpoint":"https://dmit.yyrouter.cc/v1/images/edits","bodyChars":2205145}
[merge-image-generate:0020fda2-62c9-4128-bbaf-ca3fb755a1ee] image api completed +10ms total=83837ms {"hasUsage":true,"dataCount":1}
[merge-image-generate:0020fda2-62c9-4128-bbaf-ca3fb755a1ee] image buffer decoded +4ms total=83841ms {"source":"b64_json","imageBytes":1651795}
[merge-image-generate:0020fda2-62c9-4128-bbaf-ca3fb755a1ee] image saved as raster +1ms total=83842ms {"outputBytes":1651795,"mimeType":"image/png"}
[merge-image-generate:0020fda2-62c9-4128-bbaf-ca3fb755a1ee] output written +3ms total=83846ms {"fileName":"ai-merge-image-skill-local-1782978331524.png","outputBytes":1651795}
[merge-image-generate:0020fda2-62c9-4128-bbaf-ca3fb755a1ee] project json written +4ms total=83850ms
[merge-image-generate:ffced694-9247-438a-bfb1-08b36fb8c0cc] request parsed +1ms total=1ms {"requestFiles":4,"requestBytes":826808,"promptChars":7336,"requestedSize":"864x1536","apiSize":"864x1536"}
[merge-image-generate:ffced694-9247-438a-bfb1-08b36fb8c0cc] skill loaded +55ms total=55ms {"skillId":"ai-merge-image-skill-local"}
[merge-image-generate:ffced694-9247-438a-bfb1-08b36fb8c0cc] uploads saved +6ms total=61ms {"uploadedCount":4,"uploadedBytes":826808}
[merge-image-generate:ffced694-9247-438a-bfb1-08b36fb8c0cc] reference urls built +1ms total=62ms {"referenceCount":4,"roles":"product,background,angle,model"}
[merge-image-generate:ffced694-9247-438a-bfb1-08b36fb8c0cc] prompt built +1ms total=64ms {"finalPromptChars":22392}
[merge-image-generate:ffced694-9247-438a-bfb1-08b36fb8c0cc] image-api references loaded +3ms total=67ms {"referenceCount":4,"referenceBytes":826808}
[merge-image-generate:ffced694-9247-438a-bfb1-08b36fb8c0cc] image-api request start +2ms total=68ms {"endpoint":"https://dmit.yyrouter.cc/v1/images/edits","model":"gpt-image-2","size":"864x1536","promptChars":22392,"referenceCount":4}
[merge-image-generate:df1ef6cb-61c7-4116-9617-ba999e7d2046] request parsed +0ms total=0ms {"requestFiles":4,"requestBytes":826808,"promptChars":7336,"requestedSize":"1536x1024","apiSize":"1536x1024"}
[merge-image-generate:df1ef6cb-61c7-4116-9617-ba999e7d2046] skill loaded +176ms total=177ms {"skillId":"ai-merge-image-skill-local"}
[merge-image-generate:df1ef6cb-61c7-4116-9617-ba999e7d2046] uploads saved +2ms total=179ms {"uploadedCount":4,"uploadedBytes":826808}
[merge-image-generate:df1ef6cb-61c7-4116-9617-ba999e7d2046] reference urls built +1ms total=179ms {"referenceCount":4,"roles":"product,background,angle,model"}
[merge-image-generate:df1ef6cb-61c7-4116-9617-ba999e7d2046] prompt built +1ms total=180ms {"finalPromptChars":22392}
[merge-image-generate:df1ef6cb-61c7-4116-9617-ba999e7d2046] image-api references loaded +1ms total=181ms {"referenceCount":4,"referenceBytes":826808}
[merge-image-generate:df1ef6cb-61c7-4116-9617-ba999e7d2046] image-api request start +1ms total=182ms {"endpoint":"https://dmit.yyrouter.cc/v1/images/edits","model":"gpt-image-2","size":"1536x1024","promptChars":22392,"referenceCount":4}
[merge-image-generate:ffced694-9247-438a-bfb1-08b36fb8c0cc] image-api response received +62385ms total=62453ms {"endpoint":"https://dmit.yyrouter.cc/v1/images/edits","status":200}
[merge-image-generate:ffced694-9247-438a-bfb1-08b36fb8c0cc] image-api response body read +1980ms total=64433ms {"endpoint":"https://dmit.yyrouter.cc/v1/images/edits","bodyChars":2193767}
[merge-image-generate:ffced694-9247-438a-bfb1-08b36fb8c0cc] image api completed +5ms total=64437ms {"hasUsage":true,"dataCount":1}
[merge-image-generate:ffced694-9247-438a-bfb1-08b36fb8c0cc] image buffer decoded +2ms total=64439ms {"source":"b64_json","imageBytes":1643435}
[merge-image-generate:ffced694-9247-438a-bfb1-08b36fb8c0cc] image saved as raster +1ms total=64440ms {"outputBytes":1643435,"mimeType":"image/png"}
[merge-image-generate:ffced694-9247-438a-bfb1-08b36fb8c0cc] output written +3ms total=64443ms {"fileName":"ai-merge-image-skill-local-1782978467284.png","outputBytes":1643435}
[merge-image-generate:ffced694-9247-438a-bfb1-08b36fb8c0cc] project json written +1ms total=64445ms
[merge-image-generate:df1ef6cb-61c7-4116-9617-ba999e7d2046] image-api response received +68669ms total=68852ms {"endpoint":"https://dmit.yyrouter.cc/v1/images/edits","status":200}
[merge-image-generate:df1ef6cb-61c7-4116-9617-ba999e7d2046] image-api response body read +6139ms total=74991ms {"endpoint":"https://dmit.yyrouter.cc/v1/images/edits","bodyChars":2688503}
[merge-image-generate:df1ef6cb-61c7-4116-9617-ba999e7d2046] image api completed +10ms total=75000ms {"hasUsage":true,"dataCount":1}
[merge-image-generate:df1ef6cb-61c7-4116-9617-ba999e7d2046] image buffer decoded +3ms total=75003ms {"source":"b64_json","imageBytes":2014339}
[merge-image-generate:df1ef6cb-61c7-4116-9617-ba999e7d2046] image saved as raster +2ms total=75005ms {"outputBytes":2014339,"mimeType":"image/png"}
[merge-image-generate:df1ef6cb-61c7-4116-9617-ba999e7d2046] output written +5ms total=75010ms {"fileName":"ai-merge-image-skill-local-1782978481856.png","outputBytes":2014339}
[merge-image-generate:df1ef6cb-61c7-4116-9617-ba999e7d2046] project json written +1ms total=75011ms
[merge-image-generate:94f6dd7f-c558-40d7-8e23-571bd1dbfe3c] request parsed +0ms total=0ms {"requestFiles":4,"requestBytes":856473,"promptChars":7042,"requestedSize":"1024x1536","apiSize":"1024x1536"}
[merge-image-generate:94f6dd7f-c558-40d7-8e23-571bd1dbfe3c] skill loaded +64ms total=64ms {"skillId":"ai-merge-image-skill-local"}
[merge-image-generate:94f6dd7f-c558-40d7-8e23-571bd1dbfe3c] uploads saved +3ms total=67ms {"uploadedCount":4,"uploadedBytes":856473}
[merge-image-generate:94f6dd7f-c558-40d7-8e23-571bd1dbfe3c] reference urls built +1ms total=68ms {"referenceCount":4,"roles":"product,background,angle,model"}
[merge-image-generate:94f6dd7f-c558-40d7-8e23-571bd1dbfe3c] prompt built +1ms total=69ms {"finalPromptChars":22248}
[merge-image-generate:94f6dd7f-c558-40d7-8e23-571bd1dbfe3c] image-api references loaded +2ms total=72ms {"referenceCount":4,"referenceBytes":856473}
[merge-image-generate:94f6dd7f-c558-40d7-8e23-571bd1dbfe3c] image-api request start +1ms total=73ms {"endpoint":"https://dmit.yyrouter.cc/v1/images/edits","model":"gpt-image-2","size":"1024x1536","promptChars":22248,"referenceCount":4}
[merge-image-generate:94f6dd7f-c558-40d7-8e23-571bd1dbfe3c] image-api response received +74787ms total=74860ms {"endpoint":"https://dmit.yyrouter.cc/v1/images/edits","status":200}
[merge-image-generate:94f6dd7f-c558-40d7-8e23-571bd1dbfe3c] image-api response body read +5923ms total=80783ms {"endpoint":"https://dmit.yyrouter.cc/v1/images/edits","bodyChars":2742445}
[merge-image-generate:94f6dd7f-c558-40d7-8e23-571bd1dbfe3c] image api completed +6ms total=80789ms {"hasUsage":true,"dataCount":1}
[merge-image-generate:94f6dd7f-c558-40d7-8e23-571bd1dbfe3c] image buffer decoded +2ms total=80791ms {"source":"b64_json","imageBytes":2054576}
[merge-image-generate:94f6dd7f-c558-40d7-8e23-571bd1dbfe3c] image saved as raster +1ms total=80792ms {"outputBytes":2054576,"mimeType":"image/png"}
[merge-image-generate:94f6dd7f-c558-40d7-8e23-571bd1dbfe3c] output written +6ms total=80798ms {"fileName":"ai-merge-image-skill-local-1782978716976.png","outputBytes":2054576}
[merge-image-generate:94f6dd7f-c558-40d7-8e23-571bd1dbfe3c] project json written +2ms total=80799ms
[merge-image-generate:3a73712c-0d3a-435c-a915-075219af1d2c] request parsed +0ms total=0ms {"requestFiles":4,"requestBytes":848132,"promptChars":7360,"requestedSize":"750x1334","apiSize":"750x1334"}
[merge-image-generate:3a73712c-0d3a-435c-a915-075219af1d2c] skill loaded +54ms total=54ms {"skillId":"ai-merge-image-skill-local"}
[merge-image-generate:3a73712c-0d3a-435c-a915-075219af1d2c] uploads saved +3ms total=56ms {"uploadedCount":4,"uploadedBytes":848132}
[merge-image-generate:3a73712c-0d3a-435c-a915-075219af1d2c] reference urls built +1ms total=57ms {"referenceCount":4,"roles":"product,background,angle,model"}
[merge-image-generate:3a73712c-0d3a-435c-a915-075219af1d2c] prompt built +1ms total=58ms {"finalPromptChars":23014}
[merge-image-generate:3a73712c-0d3a-435c-a915-075219af1d2c] image-api references loaded +1ms total=59ms {"referenceCount":4,"referenceBytes":848132}
[merge-image-generate:3a73712c-0d3a-435c-a915-075219af1d2c] image-api request start +1ms total=60ms {"endpoint":"https://dmit.yyrouter.cc/v1/images/edits","model":"gpt-image-2","size":"750x1334","promptChars":23014,"referenceCount":4}
[merge-image-generate:3a73712c-0d3a-435c-a915-075219af1d2c] image-api response received +79476ms total=79536ms {"endpoint":"https://dmit.yyrouter.cc/v1/images/edits","status":502}
[merge-image-generate:3a73712c-0d3a-435c-a915-075219af1d2c] image-api response body read +6ms total=79542ms {"endpoint":"https://dmit.yyrouter.cc/v1/images/edits","bodyChars":71}
[merge-image-generate:3a73712c-0d3a-435c-a915-075219af1d2c] failed +2ms total=79544ms {"message":"Upstream request failed"}
[merge-image-generate:73437ea0-7317-4bf3-9609-5ed5f1d210ad] request parsed +0ms total=0ms {"requestFiles":4,"requestBytes":848132,"promptChars":7360,"requestedSize":"750x1334","apiSize":"750x1334"}
[merge-image-generate:73437ea0-7317-4bf3-9609-5ed5f1d210ad] skill loaded +58ms total=58ms {"skillId":"ai-merge-image-skill-local"}
[merge-image-generate:73437ea0-7317-4bf3-9609-5ed5f1d210ad] uploads saved +2ms total=61ms {"uploadedCount":4,"uploadedBytes":848132}
[merge-image-generate:73437ea0-7317-4bf3-9609-5ed5f1d210ad] reference urls built +1ms total=62ms {"referenceCount":4,"roles":"product,background,angle,model"}
[merge-image-generate:73437ea0-7317-4bf3-9609-5ed5f1d210ad] prompt built +1ms total=62ms {"finalPromptChars":23014}
[merge-image-generate:73437ea0-7317-4bf3-9609-5ed5f1d210ad] image-api references loaded +1ms total=64ms {"referenceCount":4,"referenceBytes":848132}
[merge-image-generate:73437ea0-7317-4bf3-9609-5ed5f1d210ad] image-api request start +1ms total=65ms {"endpoint":"https://dmit.yyrouter.cc/v1/images/edits","model":"gpt-image-2","size":"750x1334","promptChars":23014,"referenceCount":4}
[merge-image-generate:73437ea0-7317-4bf3-9609-5ed5f1d210ad] image-api response received +53683ms total=53748ms {"endpoint":"https://dmit.yyrouter.cc/v1/images/edits","status":200}
[merge-image-generate:73437ea0-7317-4bf3-9609-5ed5f1d210ad] image-api response body read +5040ms total=58788ms {"endpoint":"https://dmit.yyrouter.cc/v1/images/edits","bodyChars":2267656}
[merge-image-generate:73437ea0-7317-4bf3-9609-5ed5f1d210ad] image api completed +4ms total=58792ms {"hasUsage":true,"dataCount":1}
[merge-image-generate:73437ea0-7317-4bf3-9609-5ed5f1d210ad] image buffer decoded +2ms total=58794ms {"source":"b64_json","imageBytes":1699011}
[merge-image-generate:73437ea0-7317-4bf3-9609-5ed5f1d210ad] image saved as raster +1ms total=58794ms {"outputBytes":1699011,"mimeType":"image/png"}
[merge-image-generate:73437ea0-7317-4bf3-9609-5ed5f1d210ad] output written +4ms total=58798ms {"fileName":"ai-merge-image-skill-local-1782978915169.png","outputBytes":1699011}
[merge-image-generate:73437ea0-7317-4bf3-9609-5ed5f1d210ad] project json written +2ms total=58800ms
[merge-image-generate:781a1ad6-3485-4184-aee8-5f65e0937823] request parsed +0ms total=0ms {"requestFiles":4,"requestBytes":848132,"promptChars":7493,"requestedSize":"750x1334","apiSize":"750x1334"}
[merge-image-generate:781a1ad6-3485-4184-aee8-5f65e0937823] skill loaded +59ms total=59ms {"skillId":"ai-merge-image-skill-local"}
[merge-image-generate:781a1ad6-3485-4184-aee8-5f65e0937823] uploads saved +2ms total=62ms {"uploadedCount":4,"uploadedBytes":848132}
[merge-image-generate:781a1ad6-3485-4184-aee8-5f65e0937823] reference urls built +1ms total=62ms {"referenceCount":4,"roles":"product,background,angle,model"}
[merge-image-generate:781a1ad6-3485-4184-aee8-5f65e0937823] prompt built +1ms total=63ms {"finalPromptChars":23147}
[merge-image-generate:781a1ad6-3485-4184-aee8-5f65e0937823] image-api references loaded +2ms total=65ms {"referenceCount":4,"referenceBytes":848132}
[merge-image-generate:781a1ad6-3485-4184-aee8-5f65e0937823] image-api request start +2ms total=67ms {"endpoint":"https://dmit.yyrouter.cc/v1/images/edits","model":"gpt-image-2","size":"750x1334","promptChars":23147,"referenceCount":4}
[merge-image-generate:781a1ad6-3485-4184-aee8-5f65e0937823] image-api response received +72727ms total=72794ms {"endpoint":"https://dmit.yyrouter.cc/v1/images/edits","status":200}
[merge-image-generate:781a1ad6-3485-4184-aee8-5f65e0937823] image-api response body read +2703ms total=75497ms {"endpoint":"https://dmit.yyrouter.cc/v1/images/edits","bodyChars":2219235}
[merge-image-generate:781a1ad6-3485-4184-aee8-5f65e0937823] image api completed +13ms total=75510ms {"hasUsage":true,"dataCount":1}
[merge-image-generate:781a1ad6-3485-4184-aee8-5f65e0937823] image buffer decoded +30ms total=75540ms {"source":"b64_json","imageBytes":1662862}
[merge-image-generate:781a1ad6-3485-4184-aee8-5f65e0937823] image saved as raster +2ms total=75542ms {"outputBytes":1662862,"mimeType":"image/png"}
[merge-image-generate:781a1ad6-3485-4184-aee8-5f65e0937823] output written +9ms total=75551ms {"fileName":"ai-merge-image-skill-local-1782979125213.png","outputBytes":1662862}
[merge-image-generate:781a1ad6-3485-4184-aee8-5f65e0937823] project json written +3ms total=75553ms
[merge-image-generate:3d64ddd2-1acd-403e-a3f3-77581b2376ee] request parsed +2ms total=2ms {"requestFiles":4,"requestBytes":848132,"promptChars":7493,"requestedSize":"750x1334","apiSize":"750x1334"}
[merge-image-generate:3d64ddd2-1acd-403e-a3f3-77581b2376ee] skill loaded +57ms total=58ms {"skillId":"ai-merge-image-skill-local"}
[merge-image-generate:3d64ddd2-1acd-403e-a3f3-77581b2376ee] uploads saved +3ms total=61ms {"uploadedCount":4,"uploadedBytes":848132}
[merge-image-generate:3d64ddd2-1acd-403e-a3f3-77581b2376ee] reference urls built +1ms total=62ms {"referenceCount":4,"roles":"product,background,angle,model"}
[merge-image-generate:3d64ddd2-1acd-403e-a3f3-77581b2376ee] prompt built +1ms total=63ms {"finalPromptChars":23147}
[merge-image-generate:3d64ddd2-1acd-403e-a3f3-77581b2376ee] image-api references loaded +1ms total=65ms {"referenceCount":4,"referenceBytes":848132}
[merge-image-generate:3d64ddd2-1acd-403e-a3f3-77581b2376ee] image-api request start +1ms total=66ms {"endpoint":"https://dmit.yyrouter.cc/v1/images/edits","model":"gpt-image-2","size":"750x1334","promptChars":23147,"referenceCount":4}
[merge-image-generate:3d64ddd2-1acd-403e-a3f3-77581b2376ee] image-api response received +79953ms total=80018ms {"endpoint":"https://dmit.yyrouter.cc/v1/images/edits","status":200}
[merge-image-generate:3d64ddd2-1acd-403e-a3f3-77581b2376ee] image-api response body read +1905ms total=81923ms {"endpoint":"https://dmit.yyrouter.cc/v1/images/edits","bodyChars":2426078}
[merge-image-generate:3d64ddd2-1acd-403e-a3f3-77581b2376ee] image api completed +6ms total=81929ms {"hasUsage":true,"dataCount":1}
[merge-image-generate:3d64ddd2-1acd-403e-a3f3-77581b2376ee] image buffer decoded +2ms total=81931ms {"source":"b64_json","imageBytes":1818104}
[merge-image-generate:3d64ddd2-1acd-403e-a3f3-77581b2376ee] image saved as raster +3ms total=81934ms {"outputBytes":1818104,"mimeType":"image/png"}
[merge-image-generate:3d64ddd2-1acd-403e-a3f3-77581b2376ee] output written +3ms total=81937ms {"fileName":"ai-merge-image-skill-local-1782979571958.png","outputBytes":1818104}
[merge-image-generate:3d64ddd2-1acd-403e-a3f3-77581b2376ee] project json written +3ms total=81940ms
[merge-image-generate:d873e75b-4e44-40bc-9b85-b28458365574] request parsed +0ms total=0ms {"requestFiles":4,"requestBytes":848132,"promptChars":7493,"requestedSize":"750x1334","apiSize":"750x1334"}
[merge-image-generate:d873e75b-4e44-40bc-9b85-b28458365574] skill loaded +59ms total=59ms {"skillId":"ai-merge-image-skill-local"}
[merge-image-generate:d873e75b-4e44-40bc-9b85-b28458365574] uploads saved +6ms total=65ms {"uploadedCount":4,"uploadedBytes":848132}
[merge-image-generate:d873e75b-4e44-40bc-9b85-b28458365574] reference urls built +1ms total=67ms {"referenceCount":4,"roles":"product,background,angle,model"}
[merge-image-generate:d873e75b-4e44-40bc-9b85-b28458365574] prompt built +1ms total=68ms {"finalPromptChars":23147}
[merge-image-generate:d873e75b-4e44-40bc-9b85-b28458365574] image-api references loaded +3ms total=70ms {"referenceCount":4,"referenceBytes":848132}
[merge-image-generate:d873e75b-4e44-40bc-9b85-b28458365574] image-api request start +2ms total=72ms {"endpoint":"https://dmit.yyrouter.cc/v1/images/edits","model":"gpt-image-2","size":"750x1334","promptChars":23147,"referenceCount":4}
[merge-image-generate:d873e75b-4e44-40bc-9b85-b28458365574] image-api response received +79300ms total=79372ms {"endpoint":"https://dmit.yyrouter.cc/v1/images/edits","status":200}
[merge-image-generate:d873e75b-4e44-40bc-9b85-b28458365574] image-api response body read +2117ms total=81489ms {"endpoint":"https://dmit.yyrouter.cc/v1/images/edits","bodyChars":2197647}
[merge-image-generate:d873e75b-4e44-40bc-9b85-b28458365574] image api completed +42ms total=81531ms {"hasUsage":true,"dataCount":1}
[merge-image-generate:d873e75b-4e44-40bc-9b85-b28458365574] image buffer decoded +2ms total=81533ms {"source":"b64_json","imageBytes":1646424}
[merge-image-generate:d873e75b-4e44-40bc-9b85-b28458365574] image saved as raster +1ms total=81534ms {"outputBytes":1646424,"mimeType":"image/png"}
[merge-image-generate:d873e75b-4e44-40bc-9b85-b28458365574] output written +4ms total=81537ms {"fileName":"ai-merge-image-skill-local-1782979756930.png","outputBytes":1646424}
[merge-image-generate:d873e75b-4e44-40bc-9b85-b28458365574] project json written +1ms total=81538ms
[merge-image-generate:fc4c6801-63c5-40f4-aaaf-d56ba14633b9] request parsed +0ms total=0ms {"requestFiles":4,"requestBytes":1130359,"promptChars":7493,"requestedSize":"750x1334","apiSize":"750x1334"}
[merge-image-generate:fc4c6801-63c5-40f4-aaaf-d56ba14633b9] skill loaded +65ms total=65ms {"skillId":"ai-merge-image-skill-local"}
[merge-image-generate:fc4c6801-63c5-40f4-aaaf-d56ba14633b9] uploads saved +3ms total=68ms {"uploadedCount":4,"uploadedBytes":1130359}
[merge-image-generate:fc4c6801-63c5-40f4-aaaf-d56ba14633b9] reference urls built +1ms total=69ms {"referenceCount":4,"roles":"product,background,angle,model"}
[merge-image-generate:fc4c6801-63c5-40f4-aaaf-d56ba14633b9] prompt built +1ms total=70ms {"finalPromptChars":23027}
[merge-image-generate:fc4c6801-63c5-40f4-aaaf-d56ba14633b9] image-api references loaded +2ms total=72ms {"referenceCount":4,"referenceBytes":1130359}
[merge-image-generate:fc4c6801-63c5-40f4-aaaf-d56ba14633b9] image-api request start +2ms total=73ms {"endpoint":"https://dmit.yyrouter.cc/v1/images/edits","model":"gpt-image-2","size":"750x1334","promptChars":23027,"referenceCount":4}
[merge-image-generate:fc4c6801-63c5-40f4-aaaf-d56ba14633b9] image-api response received +103928ms total=104002ms {"endpoint":"https://dmit.yyrouter.cc/v1/images/edits","status":200}
[merge-image-generate:fc4c6801-63c5-40f4-aaaf-d56ba14633b9] image-api response body read +2296ms total=106298ms {"endpoint":"https://dmit.yyrouter.cc/v1/images/edits","bodyChars":2559313}
[merge-image-generate:fc4c6801-63c5-40f4-aaaf-d56ba14633b9] image api completed +4ms total=106301ms {"hasUsage":true,"dataCount":1}
[merge-image-generate:fc4c6801-63c5-40f4-aaaf-d56ba14633b9] image buffer decoded +2ms total=106303ms {"source":"b64_json","imageBytes":1917558}
[merge-image-generate:fc4c6801-63c5-40f4-aaaf-d56ba14633b9] image saved as raster +1ms total=106304ms {"outputBytes":1917558,"mimeType":"image/png"}
[merge-image-generate:fc4c6801-63c5-40f4-aaaf-d56ba14633b9] output written +4ms total=106308ms {"fileName":"ai-merge-image-skill-local-1782979987747.png","outputBytes":1917558}
[merge-image-generate:fc4c6801-63c5-40f4-aaaf-d56ba14633b9] project json written +1ms total=106310ms
[merge-image-generate:851c9bd4-8c5d-4611-98d2-db1e4a0475e0] request parsed +0ms total=0ms {"requestFiles":4,"requestBytes":1130359,"promptChars":7493,"requestedSize":"1024x1365","apiSize":"1024x1365"}
[merge-image-generate:851c9bd4-8c5d-4611-98d2-db1e4a0475e0] skill loaded +56ms total=57ms {"skillId":"ai-merge-image-skill-local"}
[merge-image-generate:851c9bd4-8c5d-4611-98d2-db1e4a0475e0] uploads saved +2ms total=59ms {"uploadedCount":4,"uploadedBytes":1130359}
[merge-image-generate:851c9bd4-8c5d-4611-98d2-db1e4a0475e0] reference urls built +1ms total=60ms {"referenceCount":4,"roles":"product,background,angle,model"}
[merge-image-generate:851c9bd4-8c5d-4611-98d2-db1e4a0475e0] prompt built +1ms total=60ms {"finalPromptChars":23030}
[merge-image-generate:851c9bd4-8c5d-4611-98d2-db1e4a0475e0] image-api references loaded +1ms total=62ms {"referenceCount":4,"referenceBytes":1130359}
[merge-image-generate:851c9bd4-8c5d-4611-98d2-db1e4a0475e0] image-api request start +1ms total=63ms {"endpoint":"https://dmit.yyrouter.cc/v1/images/edits","model":"gpt-image-2","size":"1024x1365","promptChars":23030,"referenceCount":4}
[merge-image-generate:851c9bd4-8c5d-4611-98d2-db1e4a0475e0] image-api response received +87555ms total=87618ms {"endpoint":"https://dmit.yyrouter.cc/v1/images/edits","status":200}
[merge-image-generate:851c9bd4-8c5d-4611-98d2-db1e4a0475e0] image-api response body read +8229ms total=95847ms {"endpoint":"https://dmit.yyrouter.cc/v1/images/edits","bodyChars":2222101}
[merge-image-generate:851c9bd4-8c5d-4611-98d2-db1e4a0475e0] image api completed +3ms total=95850ms {"hasUsage":true,"dataCount":1}
[merge-image-generate:851c9bd4-8c5d-4611-98d2-db1e4a0475e0] image buffer decoded +2ms total=95852ms {"source":"b64_json","imageBytes":1664649}
[merge-image-generate:851c9bd4-8c5d-4611-98d2-db1e4a0475e0] image saved as raster +1ms total=95853ms {"outputBytes":1664649,"mimeType":"image/png"}
[merge-image-generate:851c9bd4-8c5d-4611-98d2-db1e4a0475e0] output written +4ms total=95857ms {"fileName":"ai-merge-image-skill-local-1782980799204.png","outputBytes":1664649}
[merge-image-generate:851c9bd4-8c5d-4611-98d2-db1e4a0475e0] project json written +1ms total=95858ms
[merge-image-generate:cc1c8a29-5aca-47b8-a47e-d305cf7247bc] request parsed +0ms total=0ms {"requestFiles":4,"requestBytes":1099871,"promptChars":7031,"requestedSize":"1536x1152","apiSize":"1536x1152"}
[merge-image-generate:cc1c8a29-5aca-47b8-a47e-d305cf7247bc] skill loaded +56ms total=57ms {"skillId":"ai-merge-image-skill-local"}
[merge-image-generate:cc1c8a29-5aca-47b8-a47e-d305cf7247bc] uploads saved +3ms total=59ms {"uploadedCount":4,"uploadedBytes":1099871}
[merge-image-generate:cc1c8a29-5aca-47b8-a47e-d305cf7247bc] reference urls built +1ms total=60ms {"referenceCount":4,"roles":"product,background,angle,model"}
[merge-image-generate:cc1c8a29-5aca-47b8-a47e-d305cf7247bc] prompt built +1ms total=61ms {"finalPromptChars":22128}
[merge-image-generate:cc1c8a29-5aca-47b8-a47e-d305cf7247bc] image-api references loaded +1ms total=62ms {"referenceCount":4,"referenceBytes":1099871}
[merge-image-generate:cc1c8a29-5aca-47b8-a47e-d305cf7247bc] image-api request start +1ms total=63ms {"endpoint":"https://dmit.yyrouter.cc/v1/images/edits","model":"gpt-image-2","size":"1536x1152","promptChars":22128,"referenceCount":4}
[merge-image-generate:cc1c8a29-5aca-47b8-a47e-d305cf7247bc] image-api response received +87702ms total=87765ms {"endpoint":"https://dmit.yyrouter.cc/v1/images/edits","status":200}
[merge-image-generate:cc1c8a29-5aca-47b8-a47e-d305cf7247bc] image-api response body read +6306ms total=94071ms {"endpoint":"https://dmit.yyrouter.cc/v1/images/edits","bodyChars":2468591}
[merge-image-generate:cc1c8a29-5aca-47b8-a47e-d305cf7247bc] image api completed +10ms total=94081ms {"hasUsage":true,"dataCount":1}
[merge-image-generate:cc1c8a29-5aca-47b8-a47e-d305cf7247bc] image buffer decoded +3ms total=94083ms {"source":"b64_json","imageBytes":1849114}
[merge-image-generate:cc1c8a29-5aca-47b8-a47e-d305cf7247bc] image saved as raster +1ms total=94084ms {"outputBytes":1849114,"mimeType":"image/png"}
[merge-image-generate:cc1c8a29-5aca-47b8-a47e-d305cf7247bc] output written +4ms total=94089ms {"fileName":"ai-merge-image-skill-local-1782981155600.png","outputBytes":1849114}
[merge-image-generate:cc1c8a29-5aca-47b8-a47e-d305cf7247bc] project json written +1ms total=94090ms
[merge-image-generate:2b1af4c2-7151-4772-883e-f0504aea26bd] request parsed +0ms total=0ms {"requestFiles":4,"requestBytes":1099871,"promptChars":7156,"requestedSize":"1024x1365","apiSize":"1024x1365"}
[merge-image-generate:2b1af4c2-7151-4772-883e-f0504aea26bd] skill loaded +75ms total=75ms {"skillId":"ai-merge-image-skill-local"}
[merge-image-generate:2b1af4c2-7151-4772-883e-f0504aea26bd] uploads saved +3ms total=78ms {"uploadedCount":4,"uploadedBytes":1099871}
[merge-image-generate:2b1af4c2-7151-4772-883e-f0504aea26bd] reference urls built +1ms total=79ms {"referenceCount":4,"roles":"product,background,angle,model"}
[merge-image-generate:2b1af4c2-7151-4772-883e-f0504aea26bd] prompt built +1ms total=80ms {"finalPromptChars":22259}
[merge-image-generate:2b1af4c2-7151-4772-883e-f0504aea26bd] image-api references loaded +2ms total=81ms {"referenceCount":4,"referenceBytes":1099871}
[merge-image-generate:2b1af4c2-7151-4772-883e-f0504aea26bd] image-api request start +1ms total=82ms {"endpoint":"https://dmit.yyrouter.cc/v1/images/edits","model":"gpt-image-2","size":"1024x1365","promptChars":22259,"referenceCount":4}
[merge-image-generate:2b1af4c2-7151-4772-883e-f0504aea26bd] image-api response received +84689ms total=84771ms {"endpoint":"https://dmit.yyrouter.cc/v1/images/edits","status":200}
[merge-image-generate:2b1af4c2-7151-4772-883e-f0504aea26bd] image-api response body read +1878ms total=86649ms {"endpoint":"https://dmit.yyrouter.cc/v1/images/edits","bodyChars":3076679}
[merge-image-generate:2b1af4c2-7151-4772-883e-f0504aea26bd] image api completed +4ms total=86654ms {"hasUsage":true,"dataCount":1}
[merge-image-generate:2b1af4c2-7151-4772-883e-f0504aea26bd] image buffer decoded +2ms total=86656ms {"source":"b64_json","imageBytes":2305963}
[merge-image-generate:2b1af4c2-7151-4772-883e-f0504aea26bd] image saved as raster +2ms total=86658ms {"outputBytes":2305963,"mimeType":"image/png"}
[merge-image-generate:2b1af4c2-7151-4772-883e-f0504aea26bd] output written +2ms total=86659ms {"fileName":"ai-merge-image-skill-local-1782981455451.png","outputBytes":2305963}
[merge-image-generate:2b1af4c2-7151-4772-883e-f0504aea26bd] project json written +1ms total=86661ms
[merge-image-generate:7e9201de-124a-43f8-b9a0-efd0aa046f6f] request parsed +2ms total=2ms {"requestFiles":4,"requestBytes":1096615,"promptChars":6958,"requestedSize":"1536x864","apiSize":"1536x864"}
[merge-image-generate:7e9201de-124a-43f8-b9a0-efd0aa046f6f] skill loaded +70ms total=72ms {"skillId":"ai-merge-image-skill-local"}
[merge-image-generate:7e9201de-124a-43f8-b9a0-efd0aa046f6f] uploads saved +3ms total=75ms {"uploadedCount":4,"uploadedBytes":1096615}
[merge-image-generate:7e9201de-124a-43f8-b9a0-efd0aa046f6f] reference urls built +1ms total=75ms {"referenceCount":4,"roles":"product,background,angle,model"}
[merge-image-generate:7e9201de-124a-43f8-b9a0-efd0aa046f6f] prompt built +1ms total=76ms {"finalPromptChars":22551}
[merge-image-generate:7e9201de-124a-43f8-b9a0-efd0aa046f6f] image-api references loaded +2ms total=78ms {"referenceCount":4,"referenceBytes":1096615}
[merge-image-generate:7e9201de-124a-43f8-b9a0-efd0aa046f6f] image-api request start +2ms total=80ms {"endpoint":"https://dmit.yyrouter.cc/v1/images/edits","model":"gpt-image-2","size":"1536x864","promptChars":22551,"referenceCount":4}
[merge-image-generate:7e9201de-124a-43f8-b9a0-efd0aa046f6f] image-api response received +76495ms total=76574ms {"endpoint":"https://dmit.yyrouter.cc/v1/images/edits","status":200}
[merge-image-generate:7e9201de-124a-43f8-b9a0-efd0aa046f6f] image-api response body read +6517ms total=83092ms {"endpoint":"https://dmit.yyrouter.cc/v1/images/edits","bodyChars":2216040}
[merge-image-generate:7e9201de-124a-43f8-b9a0-efd0aa046f6f] image api completed +15ms total=83107ms {"hasUsage":true,"dataCount":1}
[merge-image-generate:7e9201de-124a-43f8-b9a0-efd0aa046f6f] image buffer decoded +2ms total=83109ms {"source":"b64_json","imageBytes":1660197}
[merge-image-generate:7e9201de-124a-43f8-b9a0-efd0aa046f6f] image saved as raster +1ms total=83110ms {"outputBytes":1660197,"mimeType":"image/png"}
[merge-image-generate:7e9201de-124a-43f8-b9a0-efd0aa046f6f] output written +3ms total=83113ms {"fileName":"ai-merge-image-skill-local-1782981604943.png","outputBytes":1660197}
[merge-image-generate:7e9201de-124a-43f8-b9a0-efd0aa046f6f] project json written +1ms total=83114ms
[merge-image-generate:1bedb755-4534-497a-ba2d-188ad76b6a20] request parsed +0ms total=0ms {"requestFiles":4,"requestBytes":1018384,"promptChars":6958,"requestedSize":"1024x1365","apiSize":"1024x1365"}
[merge-image-generate:1bedb755-4534-497a-ba2d-188ad76b6a20] skill loaded +56ms total=56ms {"skillId":"ai-merge-image-skill-local"}
[merge-image-generate:1bedb755-4534-497a-ba2d-188ad76b6a20] uploads saved +2ms total=58ms {"uploadedCount":4,"uploadedBytes":1018384}
[merge-image-generate:1bedb755-4534-497a-ba2d-188ad76b6a20] reference urls built +1ms total=59ms {"referenceCount":4,"roles":"product,background,angle,model"}
[merge-image-generate:1bedb755-4534-497a-ba2d-188ad76b6a20] prompt built +1ms total=60ms {"finalPromptChars":22493}
[merge-image-generate:1bedb755-4534-497a-ba2d-188ad76b6a20] image-api references loaded +2ms total=61ms {"referenceCount":4,"referenceBytes":1018384}
[merge-image-generate:1bedb755-4534-497a-ba2d-188ad76b6a20] image-api request start +1ms total=63ms {"endpoint":"https://dmit.yyrouter.cc/v1/images/edits","model":"gpt-image-2","size":"1024x1365","promptChars":22493,"referenceCount":4}
[merge-image-generate:1bedb755-4534-497a-ba2d-188ad76b6a20] image-api response received +108947ms total=109009ms {"endpoint":"https://dmit.yyrouter.cc/v1/images/edits","status":200}
[merge-image-generate:1bedb755-4534-497a-ba2d-188ad76b6a20] image-api response body read +6161ms total=115170ms {"endpoint":"https://dmit.yyrouter.cc/v1/images/edits","bodyChars":2504697}
[merge-image-generate:1bedb755-4534-497a-ba2d-188ad76b6a20] image api completed +10ms total=115180ms {"hasUsage":true,"dataCount":1}
[merge-image-generate:1bedb755-4534-497a-ba2d-188ad76b6a20] image buffer decoded +2ms total=115183ms {"source":"b64_json","imageBytes":1876759}
[merge-image-generate:1bedb755-4534-497a-ba2d-188ad76b6a20] image saved as raster +1ms total=115184ms {"outputBytes":1876759,"mimeType":"image/png"}
[merge-image-generate:1bedb755-4534-497a-ba2d-188ad76b6a20] output written +4ms total=115188ms {"fileName":"ai-merge-image-skill-local-1782981820071.png","outputBytes":1876759}
[merge-image-generate:1bedb755-4534-497a-ba2d-188ad76b6a20] project json written +2ms total=115189ms
[merge-image-generate:dc3bf4b8-e920-4180-8f57-e43e0ed86f2d] request parsed +0ms total=0ms {"requestFiles":4,"requestBytes":1076955,"promptChars":6802,"requestedSize":"1024x1365","apiSize":"1024x1365"}
[merge-image-generate:dc3bf4b8-e920-4180-8f57-e43e0ed86f2d] skill loaded +50ms total=51ms {"skillId":"ai-merge-image-skill-local"}
[merge-image-generate:dc3bf4b8-e920-4180-8f57-e43e0ed86f2d] uploads saved +2ms total=53ms {"uploadedCount":4,"uploadedBytes":1076955}
[merge-image-generate:dc3bf4b8-e920-4180-8f57-e43e0ed86f2d] reference urls built +1ms total=54ms {"referenceCount":4,"roles":"product,background,angle,model"}
[merge-image-generate:dc3bf4b8-e920-4180-8f57-e43e0ed86f2d] prompt built +1ms total=55ms {"finalPromptChars":23608}
[merge-image-generate:dc3bf4b8-e920-4180-8f57-e43e0ed86f2d] image-api references loaded +2ms total=57ms {"referenceCount":4,"referenceBytes":1076955}
[merge-image-generate:dc3bf4b8-e920-4180-8f57-e43e0ed86f2d] image-api request start +2ms total=58ms {"endpoint":"https://dmit.yyrouter.cc/v1/images/edits","model":"gpt-image-2","size":"1024x1365","promptChars":23608,"referenceCount":4}
[merge-image-generate:dc3bf4b8-e920-4180-8f57-e43e0ed86f2d] image-api response received +79302ms total=79360ms {"endpoint":"https://dmit.yyrouter.cc/v1/images/edits","status":200}
[merge-image-generate:dc3bf4b8-e920-4180-8f57-e43e0ed86f2d] image-api response body read +4910ms total=84270ms {"endpoint":"https://dmit.yyrouter.cc/v1/images/edits","bodyChars":2648618}
[merge-image-generate:dc3bf4b8-e920-4180-8f57-e43e0ed86f2d] image api completed +5ms total=84275ms {"hasUsage":true,"dataCount":1}
[merge-image-generate:dc3bf4b8-e920-4180-8f57-e43e0ed86f2d] image buffer decoded +2ms total=84278ms {"source":"b64_json","imageBytes":1984874}
[merge-image-generate:dc3bf4b8-e920-4180-8f57-e43e0ed86f2d] image saved as raster +2ms total=84279ms {"outputBytes":1984874,"mimeType":"image/png"}
[merge-image-generate:dc3bf4b8-e920-4180-8f57-e43e0ed86f2d] output written +4ms total=84283ms {"fileName":"ai-merge-image-skill-local-1782981943497.png","outputBytes":1984874}
[merge-image-generate:dc3bf4b8-e920-4180-8f57-e43e0ed86f2d] project json written +1ms total=84284ms
[merge-image-generate:1d929dc6-6822-4b4a-a562-6a58bd731fde] request parsed +0ms total=0ms {"requestFiles":4,"requestBytes":1035782,"promptChars":7339,"requestedSize":"1536x1152","apiSize":"1536x1152"}
[merge-image-generate:1d929dc6-6822-4b4a-a562-6a58bd731fde] skill loaded +53ms total=54ms {"skillId":"ai-merge-image-skill-local"}
[merge-image-generate:1d929dc6-6822-4b4a-a562-6a58bd731fde] uploads saved +2ms total=56ms {"uploadedCount":4,"uploadedBytes":1035782}
[merge-image-generate:1d929dc6-6822-4b4a-a562-6a58bd731fde] reference urls built +1ms total=57ms {"referenceCount":4,"roles":"product,background,angle,model"}
[merge-image-generate:1d929dc6-6822-4b4a-a562-6a58bd731fde] prompt built +1ms total=57ms {"finalPromptChars":25107}
[merge-image-generate:1d929dc6-6822-4b4a-a562-6a58bd731fde] image-api references loaded +1ms total=59ms {"referenceCount":4,"referenceBytes":1035782}
[merge-image-generate:1d929dc6-6822-4b4a-a562-6a58bd731fde] image-api request start +2ms total=61ms {"endpoint":"https://dmit.yyrouter.cc/v1/images/edits","model":"gpt-image-2","size":"1536x1152","promptChars":25107,"referenceCount":4}
[merge-image-generate:1d929dc6-6822-4b4a-a562-6a58bd731fde] image-api response received +93723ms total=93783ms {"endpoint":"https://dmit.yyrouter.cc/v1/images/edits","status":200}
[merge-image-generate:1d929dc6-6822-4b4a-a562-6a58bd731fde] image-api response body read +5267ms total=99050ms {"endpoint":"https://dmit.yyrouter.cc/v1/images/edits","bodyChars":2902886}
[merge-image-generate:1d929dc6-6822-4b4a-a562-6a58bd731fde] image api completed +8ms total=99058ms {"hasUsage":true,"dataCount":1}
[merge-image-generate:1d929dc6-6822-4b4a-a562-6a58bd731fde] image buffer decoded +3ms total=99061ms {"source":"b64_json","imageBytes":2175716}
[merge-image-generate:1d929dc6-6822-4b4a-a562-6a58bd731fde] image saved as raster +1ms total=99062ms {"outputBytes":2175716,"mimeType":"image/png"}
[merge-image-generate:1d929dc6-6822-4b4a-a562-6a58bd731fde] output written +3ms total=99066ms {"fileName":"ai-merge-image-skill-local-1782982057960.png","outputBytes":2175716}
[merge-image-generate:1d929dc6-6822-4b4a-a562-6a58bd731fde] project json written +1ms total=99067ms
[merge-image-generate:554aafbd-7cbc-4737-b501-b468361583f5] request parsed +1ms total=1ms {"requestFiles":4,"requestBytes":1615131,"promptChars":7339,"requestedSize":"1536x1152","apiSize":"1536x1152"}
[merge-image-generate:554aafbd-7cbc-4737-b501-b468361583f5] skill loaded +55ms total=55ms {"skillId":"ai-merge-image-skill-local"}
[merge-image-generate:554aafbd-7cbc-4737-b501-b468361583f5] uploads saved +3ms total=58ms {"uploadedCount":4,"uploadedBytes":1615131}
[merge-image-generate:554aafbd-7cbc-4737-b501-b468361583f5] reference urls built +1ms total=59ms {"referenceCount":4,"roles":"product,background,angle,model"}
[merge-image-generate:554aafbd-7cbc-4737-b501-b468361583f5] prompt built +1ms total=59ms {"finalPromptChars":25031}
[merge-image-generate:554aafbd-7cbc-4737-b501-b468361583f5] image-api references loaded +1ms total=61ms {"referenceCount":4,"referenceBytes":1615131}
[merge-image-generate:554aafbd-7cbc-4737-b501-b468361583f5] image-api request start +1ms total=62ms {"endpoint":"https://dmit.yyrouter.cc/v1/images/edits","model":"gpt-image-2","size":"1536x1152","promptChars":25031,"referenceCount":4}
[merge-image-generate:554aafbd-7cbc-4737-b501-b468361583f5] image-api response received +92823ms total=92885ms {"endpoint":"https://dmit.yyrouter.cc/v1/images/edits","status":200}
[merge-image-generate:554aafbd-7cbc-4737-b501-b468361583f5] image-api response body read +3346ms total=96231ms {"endpoint":"https://dmit.yyrouter.cc/v1/images/edits","bodyChars":2743631}
[merge-image-generate:554aafbd-7cbc-4737-b501-b468361583f5] image api completed +13ms total=96243ms {"hasUsage":true,"dataCount":1}
[merge-image-generate:554aafbd-7cbc-4737-b501-b468361583f5] image buffer decoded +2ms total=96246ms {"source":"b64_json","imageBytes":2055960}
[merge-image-generate:554aafbd-7cbc-4737-b501-b468361583f5] image saved as raster +1ms total=96247ms {"outputBytes":2055960,"mimeType":"image/png"}
[merge-image-generate:554aafbd-7cbc-4737-b501-b468361583f5] output written +4ms total=96250ms {"fileName":"ai-merge-image-skill-local-1782982183961.png","outputBytes":2055960}
[merge-image-generate:554aafbd-7cbc-4737-b501-b468361583f5] project json written +1ms total=96251ms
[merge-image-generate:8395f5bc-d727-408f-a5b6-3a228ef29d11] request parsed +0ms total=0ms {"requestFiles":4,"requestBytes":1615131,"promptChars":7692,"requestedSize":"1536x1152","apiSize":"1536x1152"}
[merge-image-generate:8395f5bc-d727-408f-a5b6-3a228ef29d11] skill loaded +56ms total=57ms {"skillId":"ai-merge-image-skill-local"}
[merge-image-generate:8395f5bc-d727-408f-a5b6-3a228ef29d11] uploads saved +3ms total=60ms {"uploadedCount":4,"uploadedBytes":1615131}
[merge-image-generate:8395f5bc-d727-408f-a5b6-3a228ef29d11] reference urls built +1ms total=60ms {"referenceCount":4,"roles":"product,background,angle,model"}
[merge-image-generate:8395f5bc-d727-408f-a5b6-3a228ef29d11] prompt built +1ms total=61ms {"finalPromptChars":25384}
[merge-image-generate:8395f5bc-d727-408f-a5b6-3a228ef29d11] image-api references loaded +2ms total=63ms {"referenceCount":4,"referenceBytes":1615131}
[merge-image-generate:8395f5bc-d727-408f-a5b6-3a228ef29d11] image-api request start +2ms total=64ms {"endpoint":"https://dmit.yyrouter.cc/v1/images/edits","model":"gpt-image-2","size":"1536x1152","promptChars":25384,"referenceCount":4}
[merge-image-generate:8395f5bc-d727-408f-a5b6-3a228ef29d11] image-api response received +104712ms total=104776ms {"endpoint":"https://dmit.yyrouter.cc/v1/images/edits","status":200}
[merge-image-generate:8395f5bc-d727-408f-a5b6-3a228ef29d11] image-api response body read +4632ms total=109408ms {"endpoint":"https://dmit.yyrouter.cc/v1/images/edits","bodyChars":2878907}
[merge-image-generate:8395f5bc-d727-408f-a5b6-3a228ef29d11] image api completed +30ms total=109438ms {"hasUsage":true,"dataCount":1}
[merge-image-generate:8395f5bc-d727-408f-a5b6-3a228ef29d11] image buffer decoded +2ms total=109440ms {"source":"b64_json","imageBytes":2157003}
[merge-image-generate:8395f5bc-d727-408f-a5b6-3a228ef29d11] image saved as raster +1ms total=109441ms {"outputBytes":2157003,"mimeType":"image/png"}
[merge-image-generate:8395f5bc-d727-408f-a5b6-3a228ef29d11] output written +4ms total=109444ms {"fileName":"ai-merge-image-skill-local-1782982653397.png","outputBytes":2157003}
[merge-image-generate:8395f5bc-d727-408f-a5b6-3a228ef29d11] project json written +1ms total=109446ms
[merge-image-generate:9622c850-052a-4328-ae07-9c0ad18032c7] request parsed +1ms total=1ms {"requestFiles":4,"requestBytes":1615131,"promptChars":7692,"requestedSize":"1024x1365","apiSize":"1024x1365"}
[merge-image-generate:9622c850-052a-4328-ae07-9c0ad18032c7] skill loaded +56ms total=57ms {"skillId":"ai-merge-image-skill-local"}
[merge-image-generate:9622c850-052a-4328-ae07-9c0ad18032c7] uploads saved +3ms total=60ms {"uploadedCount":4,"uploadedBytes":1615131}
[merge-image-generate:9622c850-052a-4328-ae07-9c0ad18032c7] reference urls built +1ms total=60ms {"referenceCount":4,"roles":"product,background,angle,model"}
[merge-image-generate:9622c850-052a-4328-ae07-9c0ad18032c7] prompt built +1ms total=61ms {"finalPromptChars":25390}
[merge-image-generate:9622c850-052a-4328-ae07-9c0ad18032c7] image-api references loaded +1ms total=63ms {"referenceCount":4,"referenceBytes":1615131}
[merge-image-generate:9622c850-052a-4328-ae07-9c0ad18032c7] image-api request start +1ms total=64ms {"endpoint":"https://dmit.yyrouter.cc/v1/images/edits","model":"gpt-image-2","size":"1024x1365","promptChars":25390,"referenceCount":4}
[merge-image-generate:9622c850-052a-4328-ae07-9c0ad18032c7] image-api response received +103948ms total=104012ms {"endpoint":"https://dmit.yyrouter.cc/v1/images/edits","status":200}
[merge-image-generate:9622c850-052a-4328-ae07-9c0ad18032c7] image-api response body read +11818ms total=115830ms {"endpoint":"https://dmit.yyrouter.cc/v1/images/edits","bodyChars":3175125}
[merge-image-generate:9622c850-052a-4328-ae07-9c0ad18032c7] image api completed +6ms total=115836ms {"hasUsage":true,"dataCount":1}
[merge-image-generate:9622c850-052a-4328-ae07-9c0ad18032c7] image buffer decoded +2ms total=115838ms {"source":"b64_json","imageBytes":2379795}
[merge-image-generate:9622c850-052a-4328-ae07-9c0ad18032c7] image saved as raster +1ms total=115839ms {"outputBytes":2379795,"mimeType":"image/png"}
[merge-image-generate:9622c850-052a-4328-ae07-9c0ad18032c7] output written +4ms total=115843ms {"fileName":"ai-merge-image-skill-local-1782982777605.png","outputBytes":2379795}
[merge-image-generate:9622c850-052a-4328-ae07-9c0ad18032c7] project json written +1ms total=115844ms
[merge-image-generate:8ec08594-d5a5-4465-ab29-2d962c6b0956] request parsed +0ms total=0ms {"requestFiles":4,"requestBytes":1500888,"promptChars":7072,"requestedSize":"1536x1152","apiSize":"1536x1152"}
[merge-image-generate:8ec08594-d5a5-4465-ab29-2d962c6b0956] skill loaded +56ms total=56ms {"skillId":"ai-merge-image-skill-local"}
[merge-image-generate:8ec08594-d5a5-4465-ab29-2d962c6b0956] uploads saved +3ms total=59ms {"uploadedCount":4,"uploadedBytes":1500888}
[merge-image-generate:8ec08594-d5a5-4465-ab29-2d962c6b0956] reference urls built +1ms total=60ms {"referenceCount":4,"roles":"product,background,angle,model"}
[merge-image-generate:8ec08594-d5a5-4465-ab29-2d962c6b0956] prompt built +1ms total=60ms {"finalPromptChars":22317}
[merge-image-generate:8ec08594-d5a5-4465-ab29-2d962c6b0956] image-api references loaded +2ms total=62ms {"referenceCount":4,"referenceBytes":1500888}
[merge-image-generate:8ec08594-d5a5-4465-ab29-2d962c6b0956] image-api request start +2ms total=64ms {"endpoint":"https://dmit.yyrouter.cc/v1/images/edits","model":"gpt-image-2","size":"1536x1152","promptChars":22317,"referenceCount":4}
[merge-image-generate:8ec08594-d5a5-4465-ab29-2d962c6b0956] image-api response received +88906ms total=88969ms {"endpoint":"https://dmit.yyrouter.cc/v1/images/edits","status":200}
[merge-image-generate:8ec08594-d5a5-4465-ab29-2d962c6b0956] image-api response body read +5039ms total=94008ms {"endpoint":"https://dmit.yyrouter.cc/v1/images/edits","bodyChars":2481970}
[merge-image-generate:8ec08594-d5a5-4465-ab29-2d962c6b0956] image api completed +77ms total=94085ms {"hasUsage":true,"dataCount":1}
[merge-image-generate:8ec08594-d5a5-4465-ab29-2d962c6b0956] image buffer decoded +2ms total=94087ms {"source":"b64_json","imageBytes":1859713}
[merge-image-generate:8ec08594-d5a5-4465-ab29-2d962c6b0956] image saved as raster +1ms total=94088ms {"outputBytes":1859713,"mimeType":"image/png"}
[merge-image-generate:8ec08594-d5a5-4465-ab29-2d962c6b0956] output written +3ms total=94092ms {"fileName":"ai-merge-image-skill-local-1782982894774.png","outputBytes":1859713}
[merge-image-generate:8ec08594-d5a5-4465-ab29-2d962c6b0956] project json written +1ms total=94093ms
[merge-image-generate:153d6ad6-ea18-4cf9-b55b-e00cad46d357] request parsed +0ms total=0ms {"requestFiles":4,"requestBytes":1500888,"promptChars":7129,"requestedSize":"1536x1152","apiSize":"1536x1152"}
[merge-image-generate:153d6ad6-ea18-4cf9-b55b-e00cad46d357] skill loaded +55ms total=56ms {"skillId":"ai-merge-image-skill-local"}
[merge-image-generate:153d6ad6-ea18-4cf9-b55b-e00cad46d357] uploads saved +3ms total=59ms {"uploadedCount":4,"uploadedBytes":1500888}
[merge-image-generate:153d6ad6-ea18-4cf9-b55b-e00cad46d357] reference urls built +1ms total=59ms {"referenceCount":4,"roles":"product,background,angle,model"}
[merge-image-generate:153d6ad6-ea18-4cf9-b55b-e00cad46d357] prompt built +1ms total=60ms {"finalPromptChars":22374}
[merge-image-generate:153d6ad6-ea18-4cf9-b55b-e00cad46d357] image-api references loaded +2ms total=62ms {"referenceCount":4,"referenceBytes":1500888}
[merge-image-generate:153d6ad6-ea18-4cf9-b55b-e00cad46d357] image-api request start +1ms total=63ms {"endpoint":"https://dmit.yyrouter.cc/v1/images/edits","model":"gpt-image-2","size":"1536x1152","promptChars":22374,"referenceCount":4}
[merge-image-generate:153d6ad6-ea18-4cf9-b55b-e00cad46d357] image-api response received +74036ms total=74099ms {"endpoint":"https://dmit.yyrouter.cc/v1/images/edits","status":502}
[merge-image-generate:153d6ad6-ea18-4cf9-b55b-e00cad46d357] image-api response body read +3ms total=74102ms {"endpoint":"https://dmit.yyrouter.cc/v1/images/edits","bodyChars":71}
[merge-image-generate:153d6ad6-ea18-4cf9-b55b-e00cad46d357] failed +2ms total=74104ms {"message":"Upstream request failed"}
[merge-image-generate:f55d17ec-7cd6-4643-9556-f32b7eb17c30] request parsed +2ms total=2ms {"requestFiles":4,"requestBytes":1500888,"promptChars":7129,"requestedSize":"1536x1152","apiSize":"1536x1152"}
[merge-image-generate:f55d17ec-7cd6-4643-9556-f32b7eb17c30] skill loaded +58ms total=60ms {"skillId":"ai-merge-image-skill-local"}
[merge-image-generate:f55d17ec-7cd6-4643-9556-f32b7eb17c30] uploads saved +3ms total=63ms {"uploadedCount":4,"uploadedBytes":1500888}
[merge-image-generate:f55d17ec-7cd6-4643-9556-f32b7eb17c30] reference urls built +1ms total=64ms {"referenceCount":4,"roles":"product,background,angle,model"}
[merge-image-generate:f55d17ec-7cd6-4643-9556-f32b7eb17c30] prompt built +1ms total=64ms {"finalPromptChars":22374}
[merge-image-generate:f55d17ec-7cd6-4643-9556-f32b7eb17c30] image-api references loaded +1ms total=66ms {"referenceCount":4,"referenceBytes":1500888}
[merge-image-generate:f55d17ec-7cd6-4643-9556-f32b7eb17c30] image-api request start +1ms total=67ms {"endpoint":"https://dmit.yyrouter.cc/v1/images/edits","model":"gpt-image-2","size":"1536x1152","promptChars":22374,"referenceCount":4}
[merge-image-generate:f55d17ec-7cd6-4643-9556-f32b7eb17c30] image-api response received +80938ms total=81005ms {"endpoint":"https://dmit.yyrouter.cc/v1/images/edits","status":200}
[merge-image-generate:f55d17ec-7cd6-4643-9556-f32b7eb17c30] image-api response body read +3183ms total=84188ms {"endpoint":"https://dmit.yyrouter.cc/v1/images/edits","bodyChars":2614794}
[merge-image-generate:f55d17ec-7cd6-4643-9556-f32b7eb17c30] image api completed +6ms total=84193ms {"hasUsage":true,"dataCount":1}
[merge-image-generate:f55d17ec-7cd6-4643-9556-f32b7eb17c30] image buffer decoded +3ms total=84196ms {"source":"b64_json","imageBytes":1959686}
[merge-image-generate:f55d17ec-7cd6-4643-9556-f32b7eb17c30] image saved as raster +1ms total=84197ms {"outputBytes":1959686,"mimeType":"image/png"}
[merge-image-generate:f55d17ec-7cd6-4643-9556-f32b7eb17c30] output written +3ms total=84200ms {"fileName":"ai-merge-image-skill-local-1782983174292.png","outputBytes":1959686}
[merge-image-generate:f55d17ec-7cd6-4643-9556-f32b7eb17c30] project json written +1ms total=84201ms
[merge-image-generate:0cc4520b-bee2-47f4-936a-57a2437dbd19] request parsed +1ms total=1ms {"requestFiles":4,"requestBytes":1500888,"promptChars":7160,"requestedSize":"1024x1365","apiSize":"1024x1365"}
[merge-image-generate:0cc4520b-bee2-47f4-936a-57a2437dbd19] skill loaded +58ms total=58ms {"skillId":"ai-merge-image-skill-local"}
[merge-image-generate:0cc4520b-bee2-47f4-936a-57a2437dbd19] uploads saved +2ms total=60ms {"uploadedCount":4,"uploadedBytes":1500888}
[merge-image-generate:0cc4520b-bee2-47f4-936a-57a2437dbd19] reference urls built +1ms total=61ms {"referenceCount":4,"roles":"product,background,angle,model"}
[merge-image-generate:0cc4520b-bee2-47f4-936a-57a2437dbd19] prompt built +1ms total=62ms {"finalPromptChars":22411}
[merge-image-generate:0cc4520b-bee2-47f4-936a-57a2437dbd19] image-api references loaded +2ms total=64ms {"referenceCount":4,"referenceBytes":1500888}
[merge-image-generate:0cc4520b-bee2-47f4-936a-57a2437dbd19] image-api request start +1ms total=65ms {"endpoint":"https://dmit.yyrouter.cc/v1/images/edits","model":"gpt-image-2","size":"1024x1365","promptChars":22411,"referenceCount":4}
[merge-image-generate:0cc4520b-bee2-47f4-936a-57a2437dbd19] image-api response received +92017ms total=92082ms {"endpoint":"https://dmit.yyrouter.cc/v1/images/edits","status":200}
[merge-image-generate:0cc4520b-bee2-47f4-936a-57a2437dbd19] image-api response body read +6738ms total=98820ms {"endpoint":"https://dmit.yyrouter.cc/v1/images/edits","bodyChars":2429657}
[merge-image-generate:0cc4520b-bee2-47f4-936a-57a2437dbd19] image api completed +7ms total=98827ms {"hasUsage":true,"dataCount":1}
[merge-image-generate:0cc4520b-bee2-47f4-936a-57a2437dbd19] image buffer decoded +2ms total=98829ms {"source":"b64_json","imageBytes":1820497}
[merge-image-generate:0cc4520b-bee2-47f4-936a-57a2437dbd19] image saved as raster +2ms total=98830ms {"outputBytes":1820497,"mimeType":"image/png"}
[merge-image-generate:0cc4520b-bee2-47f4-936a-57a2437dbd19] output written +4ms total=98834ms {"fileName":"ai-merge-image-skill-local-1782983362765.png","outputBytes":1820497}
[merge-image-generate:0cc4520b-bee2-47f4-936a-57a2437dbd19] project json written +2ms total=98836ms
